#
# There is insufficient memory for the Java Runtime Environment to continue.
# Native memory allocation (malloc) failed to allocate 147216 bytes for Chunk::new
# Possible reasons:
#   The system is out of physical RAM or swap space
#   The process is running with CompressedOops enabled, and the Java Heap may be blocking the growth of the native heap
# Possible solutions:
#   Reduce memory load on the system
#   Increase physical memory or swap space
#   Check if swap backing store is full
#   Decrease Java heap size (-Xmx/-Xms)
#   Decrease number of Java threads
#   Decrease Java thread stack sizes (-Xss)
#   Set larger code cache with -XX:ReservedCodeCacheSize=
#   JVM is running with Unscaled Compressed Oops mode in which the Java heap is
#     placed in the first 4GB address space. The Java Heap base address is the
#     maximum limit for the native heap growth. Please use -XX:HeapBaseMinAddress
#     to set the Java Heap base and to place the Java Heap above 4GB virtual address.
# This output file may be truncated or incomplete.
#
#  Out of Memory Error (./src/hotspot/share/memory/arena.cpp:197), pid=12848, tid=12172
#
# JRE version: OpenJDK Runtime Environment (11.0.8+10) (build 11.0.8+10-b944.6842174)
# Java VM: OpenJDK 64-Bit Server VM (11.0.8+10-b944.6842174, mixed mode, tiered, compressed oops, g1 gc, windows-amd64)
# No core dump will be written. Minidumps are not enabled by default on client versions of Windows
#

---------------  S U M M A R Y ------------

Command Line: --add-opens=java.base/java.util=ALL-UNNAMED --add-opens=java.base/java.lang=ALL-UNNAMED --add-opens=java.base/java.lang.invoke=ALL-UNNAMED --add-opens=java.prefs/java.util.prefs=ALL-UNNAMED -Xmx2048m -Dfile.encoding=UTF-8 -Duser.country=KR -Duser.language=ko -Duser.variant org.gradle.launcher.daemon.bootstrap.GradleDaemon 6.7.1

Host: Intel(R) Core(TM) i7-8550U CPU @ 1.80GHz, 8 cores, 7G,  Windows 10 , 64 bit Build 19041 (10.0.19041.928)
Time: Sun May 23 05:49:34 2021 대한민국 표준시 elapsed time: 10 seconds (0d 0h 0m 10s)

---------------  T H R E A D  ---------------

Current thread (0x0000014fffb30000):  JavaThread "C2 CompilerThread0" daemon [_thread_in_native, id=12172, stack(0x00000003c7e00000,0x00000003c7f00000)]


Current CompileTask:
C2:  10633 6139       4       java.lang.PublicMethods::merge (81 bytes)

Stack: [0x00000003c7e00000,0x00000003c7f00000]
Native frames: (J=compiled Java code, j=interpreted, Vv=VM code, C=native code)
V  [jvm.dll+0x5de50a]
V  [jvm.dll+0x7122f5]
V  [jvm.dll+0x71384d]
V  [jvm.dll+0x713f03]
V  [jvm.dll+0x23e728]
V  [jvm.dll+0xb899c]
V  [jvm.dll+0xb8e9c]
V  [jvm.dll+0x4e6180]
V  [jvm.dll+0x193935]
V  [jvm.dll+0x1f780e]
V  [jvm.dll+0x1f68d4]
V  [jvm.dll+0x17f32c]
V  [jvm.dll+0x205047]
V  [jvm.dll+0x203891]
V  [jvm.dll+0x6dad3f]
V  [jvm.dll+0x6d3895]
V  [jvm.dll+0x5dd4a6]
C  [ucrtbase.dll+0x21bb2]
C  [KERNEL32.DLL+0x17034]
C  [ntdll.dll+0x52651]


---------------  P R O C E S S  ---------------

Threads class SMR info:
_java_thread_list=0x0000014f885a0190, length=157, elements={
0x0000014fe781c000, 0x0000014fffb13000, 0x0000014fffb1c800, 0x0000014fffb2c800,
0x0000014fffb2f000, 0x0000014fffb30000, 0x0000014fffb3c800, 0x0000014fffb3f000,
0x0000014fffd9e000, 0x0000014fffda8000, 0x0000014f83f6e800, 0x0000014f836ae000,
0x0000014f8389f000, 0x0000014f83eab800, 0x0000014f83e55800, 0x0000014f83ee7000,
0x0000014f8445a800, 0x0000014f8475b000, 0x0000014f83f86000, 0x0000014f83d0c000,
0x0000014f83d0a800, 0x0000014f83d08000, 0x0000014f83d09000, 0x0000014f83d0a000,
0x0000014f83d0b800, 0x0000014f83d0d000, 0x0000014f83d0e800, 0x0000014f83d0e000,
0x0000014f869cf000, 0x0000014f869d3000, 0x0000014f869d1800, 0x0000014f869cf800,
0x0000014f869d0800, 0x0000014f869ce000, 0x0000014f869d5800, 0x0000014f869d6800,
0x0000014f869d7000, 0x0000014f869d8000, 0x0000014f869d8800, 0x0000014f869d4800,
0x0000014f869d9800, 0x0000014f869d4000, 0x0000014f869da800, 0x0000014f869db000,
0x0000014f869dc000, 0x0000014f86393800, 0x0000014f86391000, 0x0000014f86392000,
0x0000014f86394800, 0x0000014f86396000, 0x0000014f86390800, 0x0000014f86392800,
0x0000014f86397000, 0x0000014f8639b000, 0x0000014f8639a000, 0x0000014f86395000,
0x0000014f8639c800, 0x0000014f86398800, 0x0000014f8639d800, 0x0000014f86397800,
0x0000014f8639e000, 0x0000014f86399800, 0x0000014f8639f000, 0x0000014f8639b800,
0x0000014f86412800, 0x0000014f86417000, 0x0000014f86418000, 0x0000014f86414000,
0x0000014f86416800, 0x0000014f86414800, 0x0000014f86415800, 0x0000014f86419000,
0x0000014f86413000, 0x0000014f8641b800, 0x0000014f86419800, 0x0000014f8641c000,
0x0000014f8641d800, 0x0000014f8641d000, 0x0000014f8641e800, 0x0000014f86420000,
0x0000014f8641f800, 0x0000014f8641a800, 0x0000014f86421000, 0x0000014f86a91800,
0x0000014f86a92800, 0x0000014f86a93000, 0x0000014f86a90800, 0x0000014f86a94000,
0x0000014f86a8e000, 0x0000014f86a94800, 0x0000014f86a90000, 0x0000014f86a8f000,
0x0000014f86a98000, 0x0000014f86a9a800, 0x0000014f86a97000, 0x0000014f86a99000,
0x0000014f86a99800, 0x0000014f86a9b800, 0x0000014f86a95800, 0x0000014f86a9c000,
0x0000014f86a96800, 0x0000014f86a9d000, 0x0000014f86815800, 0x0000014f86816800,
0x0000014f86819800, 0x0000014f86814000, 0x0000014f8681a800, 0x0000014f86817000,
0x0000014f86814800, 0x0000014f86818800, 0x0000014f86818000, 0x0000014f86820000,
0x0000014f8681e800, 0x0000014f8681d800, 0x0000014f8681f800, 0x0000014f86821000,
0x0000014f8681b000, 0x0000014f86821800, 0x0000014f8681c000, 0x0000014f86822800,
0x0000014f8681d000, 0x0000014f8793a800, 0x0000014f87936000, 0x0000014f87939000,
0x0000014f87935000, 0x0000014f8793b800, 0x0000014f8793c800, 0x0000014f87937800,
0x0000014f87936800, 0x0000014f8793d000, 0x0000014f8793e000, 0x0000014f8793a000,
0x0000014f87938800, 0x0000014f87940800, 0x0000014f87941800, 0x0000014f87943800,
0x0000014f8793f000, 0x0000014f8793f800, 0x0000014f87942000, 0x0000014f87943000,
0x0000014f87e36800, 0x0000014f87e38000, 0x0000014f87e34800, 0x0000014f87e38800,
0x0000014f87e37000, 0x0000014f87e33000, 0x0000014f87e39800, 0x0000014f87e34000,
0x0000014f87e3a800, 0x0000014f87e3b000, 0x0000014f87e35800, 0x0000014f87e40000,
0x0000014f87e41000, 0x0000014f87e41800, 0x0000014f87e3c000, 0x0000014f87e3d000,
0x0000014f87e3d800
}

Java Threads: ( => current thread )
  0x0000014fe781c000 JavaThread "main" [_thread_blocked, id=23096, stack(0x00000003c7300000,0x00000003c7400000)]
  0x0000014fffb13000 JavaThread "Reference Handler" daemon [_thread_blocked, id=3896, stack(0x00000003c7a00000,0x00000003c7b00000)]
  0x0000014fffb1c800 JavaThread "Finalizer" daemon [_thread_blocked, id=13960, stack(0x00000003c7b00000,0x00000003c7c00000)]
  0x0000014fffb2c800 JavaThread "Signal Dispatcher" daemon [_thread_blocked, id=20512, stack(0x00000003c7c00000,0x00000003c7d00000)]
  0x0000014fffb2f000 JavaThread "Attach Listener" daemon [_thread_blocked, id=13848, stack(0x00000003c7d00000,0x00000003c7e00000)]
=>0x0000014fffb30000 JavaThread "C2 CompilerThread0" daemon [_thread_in_native, id=12172, stack(0x00000003c7e00000,0x00000003c7f00000)]
  0x0000014fffb3c800 JavaThread "C1 CompilerThread0" daemon [_thread_blocked, id=19244, stack(0x00000003c7f00000,0x00000003c8000000)]
  0x0000014fffb3f000 JavaThread "Sweeper thread" daemon [_thread_blocked, id=10720, stack(0x00000003c8000000,0x00000003c8100000)]
  0x0000014fffd9e000 JavaThread "Common-Cleaner" daemon [_thread_blocked, id=23204, stack(0x00000003c8100000,0x00000003c8200000)]
  0x0000014fffda8000 JavaThread "Service Thread" daemon [_thread_blocked, id=9536, stack(0x00000003c8200000,0x00000003c8300000)]
  0x0000014f83f6e800 JavaThread "Daemon health stats" [_thread_blocked, id=12724, stack(0x00000003c8700000,0x00000003c8800000)]
  0x0000014f836ae000 JavaThread "Incoming local TCP Connector on port 5540" [_thread_in_native, id=9656, stack(0x00000003c8900000,0x00000003c8a00000)]
  0x0000014f8389f000 JavaThread "Daemon periodic checks" [_thread_blocked, id=16728, stack(0x00000003c8a00000,0x00000003c8b00000)]
  0x0000014f83eab800 JavaThread "Daemon" [_thread_blocked, id=8128, stack(0x00000003c8b00000,0x00000003c8c00000)]
  0x0000014f83e55800 JavaThread "Handler for socket connection from /127.0.0.1:5540 to /127.0.0.1:5541" [_thread_in_native, id=11736, stack(0x00000003c8c00000,0x00000003c8d00000)]
  0x0000014f83ee7000 JavaThread "C2 CompilerThread1" daemon [_thread_in_native, id=25556, stack(0x00000003c8d00000,0x00000003c8e00000)]
  0x0000014f8445a800 JavaThread "Cancel handler" [_thread_blocked, id=4160, stack(0x00000003c8e00000,0x00000003c8f00000)]
  0x0000014f8475b000 JavaThread "Daemon worker" [_thread_in_Java, id=19808, stack(0x00000003c8f00000,0x00000003c9000000)]
  0x0000014f83f86000 JavaThread "Asynchronous log dispatcher for DefaultDaemonConnection: socket connection from /127.0.0.1:5540 to /127.0.0.1:5541" [_thread_blocked, id=22276, stack(0x00000003c9000000,0x00000003c9100000)]
  0x0000014f83d0c000 JavaThread "Stdin handler" [_thread_blocked, id=18640, stack(0x00000003c9100000,0x00000003c9200000)]
  0x0000014f83d0a800 JavaThread "Thread-8" [_thread_blocked, id=6512, stack(0x00000003c9200000,0x00000003c9300000)]
  0x0000014f83d08000 JavaThread "Cache worker for file hash cache (C:\Users\PS42\.gradle\caches\6.7.1\fileHashes)" [_thread_blocked, id=21748, stack(0x00000003c9800000,0x00000003c9900000)]
  0x0000014f83d09000 JavaThread "File lock request listener" [_thread_in_native, id=16836, stack(0x00000003c9900000,0x00000003c9a00000)]
  0x0000014f83d0a000 JavaThread "Cache worker for journal cache (C:\Users\PS42\.gradle\caches\journal-1)" [_thread_blocked, id=5652, stack(0x00000003c9b00000,0x00000003c9c00000)]
  0x0000014f83d0b800 JavaThread "Cache worker for file hash cache (C:\Users\PS42\AndroidStudioProjects\JinSool\.gradle\6.7.1\fileHashes)" [_thread_blocked, id=3364, stack(0x00000003c9c00000,0x00000003c9d00000)]
  0x0000014f83d0d000 JavaThread "Cache worker for checksums cache (C:\Users\PS42\AndroidStudioProjects\JinSool\.gradle\checksums)" [_thread_blocked, id=4276, stack(0x00000003c9d00000,0x00000003c9e00000)]
  0x0000014f83d0e800 JavaThread "Cache worker for cache directory md-supplier (C:\Users\PS42\.gradle\caches\6.7.1\md-supplier)" [_thread_blocked, id=9948, stack(0x00000003c9e00000,0x00000003c9f00000)]
  0x0000014f83d0e000 JavaThread "Cache worker for cache directory md-rule (C:\Users\PS42\.gradle\caches\6.7.1\md-rule)" [_thread_blocked, id=11836, stack(0x00000003c9f00000,0x00000003ca000000)]
  0x0000014f869cf000 JavaThread "Cache worker for execution history cache (C:\Users\PS42\.gradle\caches\6.7.1\executionHistory)" [_thread_blocked, id=17556, stack(0x00000003ca000000,0x00000003ca100000)]
  0x0000014f869d3000 JavaThread "jar transforms" [_thread_blocked, id=16320, stack(0x00000003ca100000,0x00000003ca200000)]
  0x0000014f869d1800 JavaThread "Cache worker for file content cache (C:\Users\PS42\.gradle\caches\6.7.1\fileContent)" [_thread_blocked, id=19388, stack(0x00000003ca200000,0x00000003ca300000)]
  0x0000014f869cf800 JavaThread "Cache worker for Build Output Cleanup Cache (C:\Users\PS42\AndroidStudioProjects\JinSool\.gradle\buildOutputCleanup)" [_thread_blocked, id=19924, stack(0x00000003ca300000,0x00000003ca400000)]
  0x0000014f869d0800 JavaThread "Build operations" [_thread_blocked, id=20256, stack(0x00000003ca400000,0x00000003ca500000)]
  0x0000014f869ce000 JavaThread "Build operations Thread 2" [_thread_blocked, id=14128, stack(0x00000003ca500000,0x00000003ca600000)]
  0x0000014f869d5800 JavaThread "Build operations Thread 3" [_thread_blocked, id=13308, stack(0x00000003ca600000,0x00000003ca700000)]
  0x0000014f869d6800 JavaThread "Build operations Thread 4" [_thread_blocked, id=25304, stack(0x00000003ca700000,0x00000003ca800000)]
  0x0000014f869d7000 JavaThread "Build operations Thread 5" [_thread_blocked, id=23020, stack(0x00000003ca800000,0x00000003ca900000)]
  0x0000014f869d8000 JavaThread "Build operations Thread 6" [_thread_blocked, id=24236, stack(0x00000003ca900000,0x00000003caa00000)]
  0x0000014f869d8800 JavaThread "Build operations Thread 7" [_thread_blocked, id=22224, stack(0x00000003caa00000,0x00000003cab00000)]
  0x0000014f869d4800 JavaThread "Build operations Thread 8" [_thread_blocked, id=23068, stack(0x00000003cab00000,0x00000003cac00000)]
  0x0000014f869d9800 JavaThread "jar transforms Thread 2" [_thread_blocked, id=20792, stack(0x00000003cac00000,0x00000003cad00000)]
  0x0000014f869d4000 JavaThread "jar transforms Thread 3" [_thread_blocked, id=22600, stack(0x00000003cad00000,0x00000003cae00000)]
  0x0000014f869da800 JavaThread "jar transforms Thread 4" [_thread_blocked, id=16104, stack(0x00000003cae00000,0x00000003caf00000)]
  0x0000014f869db000 JavaThread "jar transforms Thread 5" [_thread_blocked, id=4760, stack(0x00000003caf00000,0x00000003cb000000)]
  0x0000014f869dc000 JavaThread "jar transforms Thread 6" [_thread_blocked, id=18412, stack(0x00000003cb000000,0x00000003cb100000)]
  0x0000014f86393800 JavaThread "jar transforms Thread 7" [_thread_blocked, id=25816, stack(0x00000003cb100000,0x00000003cb200000)]
  0x0000014f86391000 JavaThread "jar transforms Thread 8" [_thread_blocked, id=14964, stack(0x00000003cb200000,0x00000003cb300000)]
  0x0000014f86392000 JavaThread "jar transforms Thread 9" [_thread_blocked, id=22260, stack(0x00000003cb300000,0x00000003cb400000)]
  0x0000014f86394800 JavaThread "jar transforms Thread 10" [_thread_blocked, id=7280, stack(0x00000003cb400000,0x00000003cb500000)]
  0x0000014f86396000 JavaThread "jar transforms Thread 11" [_thread_blocked, id=16252, stack(0x00000003cb500000,0x00000003cb600000)]
  0x0000014f86390800 JavaThread "jar transforms Thread 12" [_thread_blocked, id=21616, stack(0x00000003cb600000,0x00000003cb700000)]
  0x0000014f86392800 JavaThread "jar transforms Thread 13" [_thread_blocked, id=22840, stack(0x00000003cb700000,0x00000003cb800000)]
  0x0000014f86397000 JavaThread "jar transforms Thread 14" [_thread_blocked, id=25368, stack(0x00000003cb800000,0x00000003cb900000)]
  0x0000014f8639b000 JavaThread "jar transforms Thread 15" [_thread_blocked, id=26476, stack(0x00000003cb900000,0x00000003cba00000)]
  0x0000014f8639a000 JavaThread "jar transforms Thread 16" [_thread_blocked, id=15128, stack(0x00000003cba00000,0x00000003cbb00000)]
  0x0000014f86395000 JavaThread "jar transforms Thread 17" [_thread_blocked, id=17168, stack(0x00000003cbb00000,0x00000003cbc00000)]
  0x0000014f8639c800 JavaThread "jar transforms Thread 18" [_thread_blocked, id=4336, stack(0x00000003cbc00000,0x00000003cbd00000)]
  0x0000014f86398800 JavaThread "jar transforms Thread 19" [_thread_blocked, id=5912, stack(0x00000003cbd00000,0x00000003cbe00000)]
  0x0000014f8639d800 JavaThread "jar transforms Thread 20" [_thread_blocked, id=9732, stack(0x00000003cbe00000,0x00000003cbf00000)]
  0x0000014f86397800 JavaThread "jar transforms Thread 21" [_thread_blocked, id=25812, stack(0x00000003cbf00000,0x00000003cc000000)]
  0x0000014f8639e000 JavaThread "jar transforms Thread 22" [_thread_blocked, id=15480, stack(0x00000003cc000000,0x00000003cc100000)]
  0x0000014f86399800 JavaThread "jar transforms Thread 23" [_thread_blocked, id=2888, stack(0x00000003cc100000,0x00000003cc200000)]
  0x0000014f8639f000 JavaThread "jar transforms Thread 24" [_thread_blocked, id=7932, stack(0x00000003cc200000,0x00000003cc300000)]
  0x0000014f8639b800 JavaThread "jar transforms Thread 25" [_thread_blocked, id=13280, stack(0x00000003cc300000,0x00000003cc400000)]
  0x0000014f86412800 JavaThread "jar transforms Thread 26" [_thread_blocked, id=19760, stack(0x00000003cc400000,0x00000003cc500000)]
  0x0000014f86417000 JavaThread "jar transforms Thread 27" [_thread_blocked, id=1560, stack(0x00000003cc500000,0x00000003cc600000)]
  0x0000014f86418000 JavaThread "jar transforms Thread 28" [_thread_blocked, id=18892, stack(0x00000003cc600000,0x00000003cc700000)]
  0x0000014f86414000 JavaThread "jar transforms Thread 29" [_thread_blocked, id=19468, stack(0x00000003cc700000,0x00000003cc800000)]
  0x0000014f86416800 JavaThread "jar transforms Thread 30" [_thread_blocked, id=18744, stack(0x00000003cc800000,0x00000003cc900000)]
  0x0000014f86414800 JavaThread "jar transforms Thread 31" [_thread_blocked, id=24280, stack(0x00000003cc900000,0x00000003cca00000)]
  0x0000014f86415800 JavaThread "jar transforms Thread 32" [_thread_blocked, id=26028, stack(0x00000003cca00000,0x00000003ccb00000)]
  0x0000014f86419000 JavaThread "jar transforms Thread 33" [_thread_blocked, id=18316, stack(0x00000003ccb00000,0x00000003ccc00000)]
  0x0000014f86413000 JavaThread "jar transforms Thread 34" [_thread_blocked, id=9488, stack(0x00000003ccc00000,0x00000003ccd00000)]
  0x0000014f8641b800 JavaThread "jar transforms Thread 35" [_thread_blocked, id=14888, stack(0x00000003ccd00000,0x00000003cce00000)]
  0x0000014f86419800 JavaThread "jar transforms Thread 36" [_thread_blocked, id=3980, stack(0x00000003cce00000,0x00000003ccf00000)]
  0x0000014f8641c000 JavaThread "jar transforms Thread 37" [_thread_blocked, id=3808, stack(0x00000003ccf00000,0x00000003cd000000)]
  0x0000014f8641d800 JavaThread "jar transforms Thread 38" [_thread_blocked, id=3076, stack(0x00000003cd000000,0x00000003cd100000)]
  0x0000014f8641d000 JavaThread "jar transforms Thread 39" [_thread_blocked, id=21404, stack(0x00000003cd100000,0x00000003cd200000)]
  0x0000014f8641e800 JavaThread "jar transforms Thread 40" [_thread_blocked, id=25004, stack(0x00000003cd200000,0x00000003cd300000)]
  0x0000014f86420000 JavaThread "jar transforms Thread 41" [_thread_blocked, id=1816, stack(0x00000003cd300000,0x00000003cd400000)]
  0x0000014f8641f800 JavaThread "jar transforms Thread 42" [_thread_blocked, id=23164, stack(0x00000003cd400000,0x00000003cd500000)]
  0x0000014f8641a800 JavaThread "jar transforms Thread 43" [_thread_blocked, id=10732, stack(0x00000003cd500000,0x00000003cd600000)]
  0x0000014f86421000 JavaThread "jar transforms Thread 44" [_thread_blocked, id=22616, stack(0x00000003cd600000,0x00000003cd700000)]
  0x0000014f86a91800 JavaThread "jar transforms Thread 45" [_thread_blocked, id=18208, stack(0x00000003cd700000,0x00000003cd800000)]
  0x0000014f86a92800 JavaThread "jar transforms Thread 46" [_thread_blocked, id=20952, stack(0x00000003cd800000,0x00000003cd900000)]
  0x0000014f86a93000 JavaThread "jar transforms Thread 47" [_thread_blocked, id=25536, stack(0x00000003cd900000,0x00000003cda00000)]
  0x0000014f86a90800 JavaThread "jar transforms Thread 48" [_thread_blocked, id=19340, stack(0x00000003cda00000,0x00000003cdb00000)]
  0x0000014f86a94000 JavaThread "jar transforms Thread 49" [_thread_blocked, id=20724, stack(0x00000003cdb00000,0x00000003cdc00000)]
  0x0000014f86a8e000 JavaThread "jar transforms Thread 50" [_thread_blocked, id=12828, stack(0x00000003cdc00000,0x00000003cdd00000)]
  0x0000014f86a94800 JavaThread "jar transforms Thread 51" [_thread_blocked, id=26336, stack(0x00000003cdd00000,0x00000003cde00000)]
  0x0000014f86a90000 JavaThread "jar transforms Thread 52" [_thread_blocked, id=14628, stack(0x00000003cde00000,0x00000003cdf00000)]
  0x0000014f86a8f000 JavaThread "jar transforms Thread 53" [_thread_blocked, id=21728, stack(0x00000003cdf00000,0x00000003ce000000)]
  0x0000014f86a98000 JavaThread "jar transforms Thread 54" [_thread_blocked, id=14032, stack(0x00000003ce000000,0x00000003ce100000)]
  0x0000014f86a9a800 JavaThread "jar transforms Thread 55" [_thread_blocked, id=25060, stack(0x00000003ce100000,0x00000003ce200000)]
  0x0000014f86a97000 JavaThread "jar transforms Thread 56" [_thread_blocked, id=11036, stack(0x00000003ce200000,0x00000003ce300000)]
  0x0000014f86a99000 JavaThread "jar transforms Thread 57" [_thread_blocked, id=26324, stack(0x00000003ce300000,0x00000003ce400000)]
  0x0000014f86a99800 JavaThread "jar transforms Thread 58" [_thread_blocked, id=7152, stack(0x00000003ce400000,0x00000003ce500000)]
  0x0000014f86a9b800 JavaThread "jar transforms Thread 59" [_thread_blocked, id=4100, stack(0x00000003ce500000,0x00000003ce600000)]
  0x0000014f86a95800 JavaThread "jar transforms Thread 60" [_thread_blocked, id=13836, stack(0x00000003ce600000,0x00000003ce700000)]
  0x0000014f86a9c000 JavaThread "jar transforms Thread 61" [_thread_blocked, id=6104, stack(0x00000003ce700000,0x00000003ce800000)]
  0x0000014f86a96800 JavaThread "jar transforms Thread 62" [_thread_blocked, id=22856, stack(0x00000003ce800000,0x00000003ce900000)]
  0x0000014f86a9d000 JavaThread "jar transforms Thread 63" [_thread_blocked, id=24208, stack(0x00000003ce900000,0x00000003cea00000)]
  0x0000014f86815800 JavaThread "jar transforms Thread 64" [_thread_blocked, id=4908, stack(0x00000003cea00000,0x00000003ceb00000)]
  0x0000014f86816800 JavaThread "jar transforms Thread 65" [_thread_blocked, id=26480, stack(0x00000003ceb00000,0x00000003cec00000)]
  0x0000014f86819800 JavaThread "jar transforms Thread 66" [_thread_blocked, id=16776, stack(0x00000003cec00000,0x00000003ced00000)]
  0x0000014f86814000 JavaThread "jar transforms Thread 67" [_thread_blocked, id=14448, stack(0x00000003ced00000,0x00000003cee00000)]
  0x0000014f8681a800 JavaThread "jar transforms Thread 68" [_thread_blocked, id=20804, stack(0x00000003cee00000,0x00000003cef00000)]
  0x0000014f86817000 JavaThread "jar transforms Thread 69" [_thread_blocked, id=22356, stack(0x00000003cef00000,0x00000003cf000000)]
  0x0000014f86814800 JavaThread "jar transforms Thread 70" [_thread_blocked, id=24924, stack(0x00000003cf000000,0x00000003cf100000)]
  0x0000014f86818800 JavaThread "jar transforms Thread 71" [_thread_blocked, id=17348, stack(0x00000003cf100000,0x00000003cf200000)]
  0x0000014f86818000 JavaThread "jar transforms Thread 72" [_thread_blocked, id=4152, stack(0x00000003cf200000,0x00000003cf300000)]
  0x0000014f86820000 JavaThread "jar transforms Thread 73" [_thread_blocked, id=22644, stack(0x00000003cf300000,0x00000003cf400000)]
  0x0000014f8681e800 JavaThread "jar transforms Thread 74" [_thread_blocked, id=26004, stack(0x00000003cf400000,0x00000003cf500000)]
  0x0000014f8681d800 JavaThread "jar transforms Thread 75" [_thread_blocked, id=21260, stack(0x00000003cf500000,0x00000003cf600000)]
  0x0000014f8681f800 JavaThread "jar transforms Thread 76" [_thread_blocked, id=23072, stack(0x00000003cf600000,0x00000003cf700000)]
  0x0000014f86821000 JavaThread "jar transforms Thread 77" [_thread_blocked, id=17096, stack(0x00000003cf700000,0x00000003cf800000)]
  0x0000014f8681b000 JavaThread "jar transforms Thread 78" [_thread_blocked, id=9424, stack(0x00000003cf800000,0x00000003cf900000)]
  0x0000014f86821800 JavaThread "jar transforms Thread 79" [_thread_blocked, id=11772, stack(0x00000003cf900000,0x00000003cfa00000)]
  0x0000014f8681c000 JavaThread "jar transforms Thread 80" [_thread_blocked, id=22720, stack(0x00000003cfa00000,0x00000003cfb00000)]
  0x0000014f86822800 JavaThread "jar transforms Thread 81" [_thread_blocked, id=9344, stack(0x00000003cfb00000,0x00000003cfc00000)]
  0x0000014f8681d000 JavaThread "jar transforms Thread 82" [_thread_blocked, id=17672, stack(0x00000003cfc00000,0x00000003cfd00000)]
  0x0000014f8793a800 JavaThread "jar transforms Thread 83" [_thread_blocked, id=19660, stack(0x00000003cfd00000,0x00000003cfe00000)]
  0x0000014f87936000 JavaThread "jar transforms Thread 84" [_thread_blocked, id=21828, stack(0x00000003cfe00000,0x00000003cff00000)]
  0x0000014f87939000 JavaThread "jar transforms Thread 85" [_thread_blocked, id=20780, stack(0x00000003cff00000,0x00000003d0000000)]
  0x0000014f87935000 JavaThread "jar transforms Thread 86" [_thread_blocked, id=22568, stack(0x00000003d0000000,0x00000003d0100000)]
  0x0000014f8793b800 JavaThread "jar transforms Thread 87" [_thread_blocked, id=21820, stack(0x00000003d0100000,0x00000003d0200000)]
  0x0000014f8793c800 JavaThread "jar transforms Thread 88" [_thread_blocked, id=12712, stack(0x00000003d0200000,0x00000003d0300000)]
  0x0000014f87937800 JavaThread "jar transforms Thread 89" [_thread_blocked, id=23988, stack(0x00000003d0300000,0x00000003d0400000)]
  0x0000014f87936800 JavaThread "jar transforms Thread 90" [_thread_blocked, id=1568, stack(0x00000003d0400000,0x00000003d0500000)]
  0x0000014f8793d000 JavaThread "jar transforms Thread 91" [_thread_blocked, id=6208, stack(0x00000003d0500000,0x00000003d0600000)]
  0x0000014f8793e000 JavaThread "jar transforms Thread 92" [_thread_blocked, id=12800, stack(0x00000003d0600000,0x00000003d0700000)]
  0x0000014f8793a000 JavaThread "jar transforms Thread 93" [_thread_blocked, id=8912, stack(0x00000003d0700000,0x00000003d0800000)]
  0x0000014f87938800 JavaThread "jar transforms Thread 94" [_thread_blocked, id=21112, stack(0x00000003d0800000,0x00000003d0900000)]
  0x0000014f87940800 JavaThread "jar transforms Thread 95" [_thread_blocked, id=26280, stack(0x00000003d0900000,0x00000003d0a00000)]
  0x0000014f87941800 JavaThread "jar transforms Thread 96" [_thread_blocked, id=8544, stack(0x00000003d0a00000,0x00000003d0b00000)]
  0x0000014f87943800 JavaThread "jar transforms Thread 97" [_thread_blocked, id=22636, stack(0x00000003d0b00000,0x00000003d0c00000)]
  0x0000014f8793f000 JavaThread "jar transforms Thread 98" [_thread_blocked, id=14756, stack(0x00000003d0c00000,0x00000003d0d00000)]
  0x0000014f8793f800 JavaThread "jar transforms Thread 99" [_thread_blocked, id=6612, stack(0x00000003d0d00000,0x00000003d0e00000)]
  0x0000014f87942000 JavaThread "jar transforms Thread 100" [_thread_blocked, id=19084, stack(0x00000003d0e00000,0x00000003d0f00000)]
  0x0000014f87943000 JavaThread "jar transforms Thread 101" [_thread_blocked, id=17296, stack(0x00000003d0f00000,0x00000003d1000000)]
  0x0000014f87e36800 JavaThread "jar transforms Thread 102" [_thread_blocked, id=20912, stack(0x00000003d1000000,0x00000003d1100000)]
  0x0000014f87e38000 JavaThread "jar transforms Thread 103" [_thread_blocked, id=11180, stack(0x00000003d1100000,0x00000003d1200000)]
  0x0000014f87e34800 JavaThread "jar transforms Thread 104" [_thread_blocked, id=14080, stack(0x00000003d1200000,0x00000003d1300000)]
  0x0000014f87e38800 JavaThread "jar transforms Thread 105" [_thread_blocked, id=18480, stack(0x00000003d1300000,0x00000003d1400000)]
  0x0000014f87e37000 JavaThread "jar transforms Thread 106" [_thread_blocked, id=8124, stack(0x00000003d1400000,0x00000003d1500000)]
  0x0000014f87e33000 JavaThread "jar transforms Thread 107" [_thread_blocked, id=22992, stack(0x00000003d1500000,0x00000003d1600000)]
  0x0000014f87e39800 JavaThread "jar transforms Thread 108" [_thread_blocked, id=26584, stack(0x00000003d1600000,0x00000003d1700000)]
  0x0000014f87e34000 JavaThread "jar transforms Thread 109" [_thread_blocked, id=1164, stack(0x00000003d1700000,0x00000003d1800000)]
  0x0000014f87e3a800 JavaThread "jar transforms Thread 110" [_thread_blocked, id=14668, stack(0x00000003d1800000,0x00000003d1900000)]
  0x0000014f87e3b000 JavaThread "jar transforms Thread 111" [_thread_blocked, id=18636, stack(0x00000003d1900000,0x00000003d1a00000)]
  0x0000014f87e35800 JavaThread "jar transforms Thread 112" [_thread_blocked, id=19472, stack(0x00000003d1a00000,0x00000003d1b00000)]
  0x0000014f87e40000 JavaThread "jar transforms Thread 113" [_thread_blocked, id=12220, stack(0x00000003d1b00000,0x00000003d1c00000)]
  0x0000014f87e41000 JavaThread "jar transforms Thread 114" [_thread_blocked, id=14184, stack(0x00000003d1c00000,0x00000003d1d00000)]
  0x0000014f87e41800 JavaThread "jar transforms Thread 115" [_thread_blocked, id=11212, stack(0x00000003d1d00000,0x00000003d1e00000)]
  0x0000014f87e3c000 JavaThread "jar transforms Thread 116" [_thread_blocked, id=9960, stack(0x00000003d1e00000,0x00000003d1f00000)]
  0x0000014f87e3d000 JavaThread "jar transforms Thread 117" [_thread_blocked, id=20216, stack(0x00000003d1f00000,0x00000003d2000000)]
  0x0000014f87e3d800 JavaThread "Memory manager" [_thread_blocked, id=26164, stack(0x00000003d2000000,0x00000003d2100000)]

Other Threads:
  0x0000014fffb0d800 VMThread "VM Thread" [stack: 0x00000003c7900000,0x00000003c7a00000] [id=25792]
  0x0000014fffdb2800 WatcherThread [stack: 0x00000003c8300000,0x00000003c8400000] [id=19932]
  0x0000014fe7833000 GCTaskThread "GC Thread#0" [stack: 0x00000003c7400000,0x00000003c7500000] [id=19520]
  0x0000014f83051000 GCTaskThread "GC Thread#1" [stack: 0x00000003c8500000,0x00000003c8600000] [id=23508]
  0x0000014f83209800 GCTaskThread "GC Thread#2" [stack: 0x00000003c8600000,0x00000003c8700000] [id=10336]
  0x0000014fffe8c800 GCTaskThread "GC Thread#3" [stack: 0x00000003c9300000,0x00000003c9400000] [id=22160]
  0x0000014f8444c800 GCTaskThread "GC Thread#4" [stack: 0x00000003c9400000,0x00000003c9500000] [id=18544]
  0x0000014f8469d000 GCTaskThread "GC Thread#5" [stack: 0x00000003c9500000,0x00000003c9600000] [id=11740]
  0x0000014f83d07000 GCTaskThread "GC Thread#6" [stack: 0x00000003c9600000,0x00000003c9700000] [id=26488]
  0x0000014f83f5d800 GCTaskThread "GC Thread#7" [stack: 0x00000003c9700000,0x00000003c9800000] [id=11216]
  0x0000014fe7865800 ConcurrentGCThread "G1 Main Marker" [stack: 0x00000003c7500000,0x00000003c7600000] [id=11576]
  0x0000014fe7868000 ConcurrentGCThread "G1 Conc#0" [stack: 0x00000003c7600000,0x00000003c7700000] [id=12732]
  0x0000014f8495a800 ConcurrentGCThread "G1 Conc#1" [stack: 0x00000003c9a00000,0x00000003c9b00000] [id=21024]
  0x0000014fff960800 ConcurrentGCThread "G1 Refine#0" [stack: 0x00000003c7700000,0x00000003c7800000] [id=24880]
  0x0000014fff961000 ConcurrentGCThread "G1 Young RemSet Sampling" [stack: 0x00000003c7800000,0x00000003c7900000] [id=10444]

Threads with active compile tasks:
C2 CompilerThread0  10698 6139       4       java.lang.PublicMethods::merge (81 bytes)
C1 CompilerThread0  10698 6191 %     3       java.io.WinNTFileSystem::normalize @ 22 (143 bytes)
C2 CompilerThread1  10698 6081   !   4       com.sun.beans.TypeResolver::resolve (261 bytes)

VM state:not at safepoint (normal execution)

VM Mutex/Monitor currently owned by a thread: None

Heap address: 0x0000000080000000, size: 2048 MB, Compressed Oops mode: 32-bit
Narrow klass base: 0x0000000000000000, Narrow klass shift: 3
Compressed class space size: 1073741824 Address: 0x0000000100000000

Heap:
 garbage-first heap   total 131072K, used 81252K [0x0000000080000000, 0x0000000100000000)
  region size 1024K, 33 young (33792K), 7 survivors (7168K)
 Metaspace       used 68718K, capacity 70255K, committed 70436K, reserved 1110016K
  class space    used 8917K, capacity 9461K, committed 9472K, reserved 1048576K
Heap Regions: E=young(eden), S=young(survivor), O=old, HS=humongous(starts), HC=humongous(continues), CS=collection set, F=free, A=archive, TAMS=top-at-mark-start (previous, next)
|   0|0x0000000080000000, 0x0000000080100000, 0x0000000080100000|100%| O|  |TAMS 0x0000000080100000, 0x0000000080000000| Untracked 
|   1|0x0000000080100000, 0x0000000080200000, 0x0000000080200000|100%| O|  |TAMS 0x0000000080200000, 0x0000000080100000| Untracked 
|   2|0x0000000080200000, 0x0000000080300000, 0x0000000080300000|100%| O|  |TAMS 0x0000000080300000, 0x0000000080200000| Untracked 
|   3|0x0000000080300000, 0x0000000080400000, 0x0000000080400000|100%|HS|  |TAMS 0x0000000080400000, 0x0000000080300000| Complete 
|   4|0x0000000080400000, 0x0000000080500000, 0x0000000080500000|100%|HC|  |TAMS 0x0000000080500000, 0x0000000080400000| Complete 
|   5|0x0000000080500000, 0x0000000080600000, 0x0000000080600000|100%|HC|  |TAMS 0x0000000080600000, 0x0000000080500000| Complete 
|   6|0x0000000080600000, 0x0000000080700000, 0x0000000080700000|100%| O|  |TAMS 0x0000000080700000, 0x0000000080600000| Untracked 
|   7|0x0000000080700000, 0x0000000080800000, 0x0000000080800000|100%| O|  |TAMS 0x0000000080800000, 0x0000000080700000| Untracked 
|   8|0x0000000080800000, 0x0000000080900000, 0x0000000080900000|100%| O|  |TAMS 0x0000000080900000, 0x0000000080800000| Untracked 
|   9|0x0000000080900000, 0x0000000080a00000, 0x0000000080a00000|100%| O|  |TAMS 0x0000000080a00000, 0x0000000080900000| Untracked 
|  10|0x0000000080a00000, 0x0000000080b00000, 0x0000000080b00000|100%| O|  |TAMS 0x0000000080b00000, 0x0000000080a00000| Untracked 
|  11|0x0000000080b00000, 0x0000000080c00000, 0x0000000080c00000|100%| O|  |TAMS 0x0000000080c00000, 0x0000000080b00000| Untracked 
|  12|0x0000000080c00000, 0x0000000080d00000, 0x0000000080d00000|100%| O|  |TAMS 0x0000000080d00000, 0x0000000080c00000| Untracked 
|  13|0x0000000080d00000, 0x0000000080e00000, 0x0000000080e00000|100%| O|  |TAMS 0x0000000080e00000, 0x0000000080d00000| Untracked 
|  14|0x0000000080e00000, 0x0000000080f00000, 0x0000000080f00000|100%| O|  |TAMS 0x0000000080f00000, 0x0000000080e00000| Untracked 
|  15|0x0000000080f00000, 0x0000000081000000, 0x0000000081000000|100%| O|  |TAMS 0x0000000081000000, 0x0000000080f00000| Untracked 
|  16|0x0000000081000000, 0x0000000081100000, 0x0000000081100000|100%| O|  |TAMS 0x0000000081100000, 0x0000000081000000| Untracked 
|  17|0x0000000081100000, 0x0000000081200000, 0x0000000081200000|100%| O|  |TAMS 0x0000000081200000, 0x0000000081100000| Untracked 
|  18|0x0000000081200000, 0x0000000081300000, 0x0000000081300000|100%| O|  |TAMS 0x0000000081300000, 0x0000000081200000| Untracked 
|  19|0x0000000081300000, 0x0000000081400000, 0x0000000081400000|100%|HS|  |TAMS 0x0000000081400000, 0x0000000081300000| Complete 
|  20|0x0000000081400000, 0x0000000081500000, 0x0000000081500000|100%| O|  |TAMS 0x0000000081500000, 0x0000000081400000| Untracked 
|  21|0x0000000081500000, 0x0000000081600000, 0x0000000081600000|100%| O|  |TAMS 0x0000000081600000, 0x0000000081500000| Untracked 
|  22|0x0000000081600000, 0x0000000081700000, 0x0000000081700000|100%|HS|  |TAMS 0x0000000081700000, 0x0000000081600000| Complete 
|  23|0x0000000081700000, 0x0000000081800000, 0x0000000081800000|100%|HC|  |TAMS 0x0000000081800000, 0x0000000081700000| Complete 
|  24|0x0000000081800000, 0x0000000081900000, 0x0000000081900000|100%|HC|  |TAMS 0x0000000081900000, 0x0000000081800000| Complete 
|  25|0x0000000081900000, 0x0000000081a00000, 0x0000000081a00000|100%|HS|  |TAMS 0x0000000081a00000, 0x0000000081900000| Complete 
|  26|0x0000000081a00000, 0x0000000081b00000, 0x0000000081b00000|100%|HC|  |TAMS 0x0000000081b00000, 0x0000000081a00000| Complete 
|  27|0x0000000081b00000, 0x0000000081c00000, 0x0000000081c00000|100%| O|  |TAMS 0x0000000081c00000, 0x0000000081b00000| Untracked 
|  28|0x0000000081c00000, 0x0000000081d00000, 0x0000000081d00000|100%| O|  |TAMS 0x0000000081d00000, 0x0000000081c00000| Untracked 
|  29|0x0000000081d00000, 0x0000000081e00000, 0x0000000081e00000|100%| O|  |TAMS 0x0000000081e00000, 0x0000000081d00000| Untracked 
|  30|0x0000000081e00000, 0x0000000081f00000, 0x0000000081f00000|100%| O|  |TAMS 0x0000000081f00000, 0x0000000081e00000| Untracked 
|  31|0x0000000081f00000, 0x0000000082000000, 0x0000000082000000|100%| O|  |TAMS 0x0000000082000000, 0x0000000081f00000| Untracked 
|  32|0x0000000082000000, 0x0000000082100000, 0x0000000082100000|100%| O|  |TAMS 0x0000000082100000, 0x0000000082000000| Untracked 
|  33|0x0000000082100000, 0x0000000082200000, 0x0000000082200000|100%| O|  |TAMS 0x0000000082200000, 0x0000000082100000| Untracked 
|  34|0x0000000082200000, 0x0000000082300000, 0x0000000082300000|100%| O|  |TAMS 0x0000000082300000, 0x0000000082200000| Untracked 
|  35|0x0000000082300000, 0x0000000082400000, 0x0000000082400000|100%| O|  |TAMS 0x0000000082400000, 0x0000000082300000| Untracked 
|  36|0x0000000082400000, 0x0000000082500000, 0x0000000082500000|100%| O|  |TAMS 0x0000000082500000, 0x0000000082400000| Untracked 
|  37|0x0000000082500000, 0x0000000082600000, 0x0000000082600000|100%| O|  |TAMS 0x0000000082600000, 0x0000000082500000| Untracked 
|  38|0x0000000082600000, 0x0000000082700000, 0x0000000082700000|100%| O|  |TAMS 0x0000000082700000, 0x0000000082600000| Untracked 
|  39|0x0000000082700000, 0x0000000082800000, 0x0000000082800000|100%| O|  |TAMS 0x0000000082800000, 0x0000000082700000| Untracked 
|  40|0x0000000082800000, 0x0000000082900000, 0x0000000082900000|100%| O|  |TAMS 0x0000000082900000, 0x0000000082800000| Untracked 
|  41|0x0000000082900000, 0x0000000082a00000, 0x0000000082a00000|100%| O|  |TAMS 0x0000000082a00000, 0x0000000082900000| Untracked 
|  42|0x0000000082a00000, 0x0000000082b00000, 0x0000000082b00000|100%| O|  |TAMS 0x0000000082ad7200, 0x0000000082a00000| Untracked 
|  43|0x0000000082b00000, 0x0000000082ba9a00, 0x0000000082c00000| 66%| O|  |TAMS 0x0000000082b00000, 0x0000000082b00000| Untracked 
|  44|0x0000000082c00000, 0x0000000082d00000, 0x0000000082d00000|100%| O|  |TAMS 0x0000000082c00000, 0x0000000082c00000| Untracked 
|  45|0x0000000082d00000, 0x0000000082e00000, 0x0000000082e00000|100%| O|  |TAMS 0x0000000082d00000, 0x0000000082d00000| Untracked 
|  46|0x0000000082e00000, 0x0000000082f00000, 0x0000000082f00000|100%| O|  |TAMS 0x0000000082e00000, 0x0000000082e00000| Untracked 
|  47|0x0000000082f00000, 0x0000000083000000, 0x0000000083000000|100%| O|  |TAMS 0x0000000082f00000, 0x0000000082f00000| Untracked 
|  48|0x0000000083000000, 0x0000000083000000, 0x0000000083100000|  0%| F|  |TAMS 0x0000000083000000, 0x0000000083000000| Untracked 
|  49|0x0000000083100000, 0x0000000083100000, 0x0000000083200000|  0%| F|  |TAMS 0x0000000083100000, 0x0000000083100000| Untracked 
|  50|0x0000000083200000, 0x0000000083200000, 0x0000000083300000|  0%| F|  |TAMS 0x0000000083200000, 0x0000000083200000| Untracked 
|  51|0x0000000083300000, 0x0000000083300000, 0x0000000083400000|  0%| F|  |TAMS 0x0000000083300000, 0x0000000083300000| Untracked 
|  52|0x0000000083400000, 0x0000000083400000, 0x0000000083500000|  0%| F|  |TAMS 0x0000000083400000, 0x0000000083400000| Untracked 
|  53|0x0000000083500000, 0x0000000083500000, 0x0000000083600000|  0%| F|  |TAMS 0x0000000083500000, 0x0000000083500000| Untracked 
|  54|0x0000000083600000, 0x0000000083600000, 0x0000000083700000|  0%| F|  |TAMS 0x0000000083600000, 0x0000000083600000| Untracked 
|  55|0x0000000083700000, 0x0000000083700000, 0x0000000083800000|  0%| F|  |TAMS 0x0000000083700000, 0x0000000083700000| Untracked 
|  56|0x0000000083800000, 0x0000000083800000, 0x0000000083900000|  0%| F|  |TAMS 0x0000000083800000, 0x0000000083800000| Untracked 
|  57|0x0000000083900000, 0x0000000083900000, 0x0000000083a00000|  0%| F|  |TAMS 0x0000000083900000, 0x0000000083900000| Untracked 
|  58|0x0000000083a00000, 0x0000000083a00000, 0x0000000083b00000|  0%| F|  |TAMS 0x0000000083a00000, 0x0000000083a00000| Untracked 
|  59|0x0000000083b00000, 0x0000000083b00000, 0x0000000083c00000|  0%| F|  |TAMS 0x0000000083b00000, 0x0000000083b00000| Untracked 
|  60|0x0000000083c00000, 0x0000000083c00000, 0x0000000083d00000|  0%| F|  |TAMS 0x0000000083c00000, 0x0000000083c00000| Untracked 
|  61|0x0000000083d00000, 0x0000000083d00000, 0x0000000083e00000|  0%| F|  |TAMS 0x0000000083d00000, 0x0000000083d00000| Untracked 
|  62|0x0000000083e00000, 0x0000000083e00000, 0x0000000083f00000|  0%| F|  |TAMS 0x0000000083e00000, 0x0000000083e00000| Untracked 
|  63|0x0000000083f00000, 0x0000000083f00000, 0x0000000084000000|  0%| F|  |TAMS 0x0000000083f00000, 0x0000000083f00000| Untracked 
|  64|0x0000000084000000, 0x0000000084000000, 0x0000000084100000|  0%| F|  |TAMS 0x0000000084000000, 0x0000000084000000| Untracked 
|  65|0x0000000084100000, 0x0000000084100000, 0x0000000084200000|  0%| F|  |TAMS 0x0000000084100000, 0x0000000084100000| Untracked 
|  66|0x0000000084200000, 0x0000000084200000, 0x0000000084300000|  0%| F|  |TAMS 0x0000000084200000, 0x0000000084200000| Untracked 
|  67|0x0000000084300000, 0x0000000084300000, 0x0000000084400000|  0%| F|  |TAMS 0x0000000084300000, 0x0000000084300000| Untracked 
|  68|0x0000000084400000, 0x0000000084400000, 0x0000000084500000|  0%| F|  |TAMS 0x0000000084400000, 0x0000000084400000| Untracked 
|  69|0x0000000084500000, 0x0000000084500000, 0x0000000084600000|  0%| F|  |TAMS 0x0000000084500000, 0x0000000084500000| Untracked 
|  70|0x0000000084600000, 0x0000000084600000, 0x0000000084700000|  0%| F|  |TAMS 0x0000000084600000, 0x0000000084600000| Untracked 
|  71|0x0000000084700000, 0x0000000084700000, 0x0000000084800000|  0%| F|  |TAMS 0x0000000084700000, 0x0000000084700000| Untracked 
|  72|0x0000000084800000, 0x00000000848af740, 0x0000000084900000| 68%| S|CS|TAMS 0x0000000084800000, 0x0000000084800000| Complete 
|  73|0x0000000084900000, 0x0000000084900000, 0x0000000084a00000|  0%| F|  |TAMS 0x0000000084900000, 0x0000000084900000| Untracked 
|  74|0x0000000084a00000, 0x0000000084a00000, 0x0000000084b00000|  0%| F|  |TAMS 0x0000000084a00000, 0x0000000084a00000| Untracked 
|  75|0x0000000084b00000, 0x0000000084b00000, 0x0000000084c00000|  0%| F|  |TAMS 0x0000000084b00000, 0x0000000084b00000| Untracked 
|  76|0x0000000084c00000, 0x0000000084c00000, 0x0000000084d00000|  0%| F|  |TAMS 0x0000000084c00000, 0x0000000084c00000| Untracked 
|  77|0x0000000084d00000, 0x0000000084d00000, 0x0000000084e00000|  0%| F|  |TAMS 0x0000000084d00000, 0x0000000084d00000| Untracked 
|  78|0x0000000084e00000, 0x0000000084f00000, 0x0000000084f00000|100%| S|CS|TAMS 0x0000000084e00000, 0x0000000084e00000| Complete 
|  79|0x0000000084f00000, 0x0000000085000000, 0x0000000085000000|100%| S|CS|TAMS 0x0000000084f00000, 0x0000000084f00000| Complete 
|  80|0x0000000085000000, 0x0000000085100000, 0x0000000085100000|100%| S|CS|TAMS 0x0000000085000000, 0x0000000085000000| Complete 
|  81|0x0000000085100000, 0x0000000085200000, 0x0000000085200000|100%| S|CS|TAMS 0x0000000085100000, 0x0000000085100000| Complete 
|  82|0x0000000085200000, 0x0000000085300000, 0x0000000085300000|100%| S|CS|TAMS 0x0000000085200000, 0x0000000085200000| Complete 
|  83|0x0000000085300000, 0x0000000085400000, 0x0000000085400000|100%| S|CS|TAMS 0x0000000085300000, 0x0000000085300000| Complete 
|  84|0x0000000085400000, 0x0000000085400000, 0x0000000085500000|  0%| F|  |TAMS 0x0000000085400000, 0x0000000085400000| Untracked 
|  85|0x0000000085500000, 0x0000000085500000, 0x0000000085600000|  0%| F|  |TAMS 0x0000000085500000, 0x0000000085500000| Untracked 
|  86|0x0000000085600000, 0x0000000085600000, 0x0000000085700000|  0%| F|  |TAMS 0x0000000085600000, 0x0000000085600000| Untracked 
|  87|0x0000000085700000, 0x0000000085700000, 0x0000000085800000|  0%| F|  |TAMS 0x0000000085700000, 0x0000000085700000| Untracked 
|  88|0x0000000085800000, 0x0000000085800000, 0x0000000085900000|  0%| F|  |TAMS 0x0000000085800000, 0x0000000085800000| Untracked 
|  89|0x0000000085900000, 0x0000000085900000, 0x0000000085a00000|  0%| F|  |TAMS 0x0000000085900000, 0x0000000085900000| Untracked 
|  90|0x0000000085a00000, 0x0000000085a00000, 0x0000000085b00000|  0%| F|  |TAMS 0x0000000085a00000, 0x0000000085a00000| Untracked 
|  91|0x0000000085b00000, 0x0000000085b00000, 0x0000000085c00000|  0%| F|  |TAMS 0x0000000085b00000, 0x0000000085b00000| Untracked 
|  92|0x0000000085c00000, 0x0000000085c00000, 0x0000000085d00000|  0%| F|  |TAMS 0x0000000085c00000, 0x0000000085c00000| Untracked 
|  93|0x0000000085d00000, 0x0000000085d00000, 0x0000000085e00000|  0%| F|  |TAMS 0x0000000085d00000, 0x0000000085d00000| Untracked 
|  94|0x0000000085e00000, 0x0000000085e00000, 0x0000000085f00000|  0%| F|  |TAMS 0x0000000085e00000, 0x0000000085e00000| Untracked 
|  95|0x0000000085f00000, 0x0000000085f00000, 0x0000000086000000|  0%| F|  |TAMS 0x0000000085f00000, 0x0000000085f00000| Untracked 
|  96|0x0000000086000000, 0x0000000086000000, 0x0000000086100000|  0%| F|  |TAMS 0x0000000086000000, 0x0000000086000000| Untracked 
|  97|0x0000000086100000, 0x0000000086100000, 0x0000000086200000|  0%| F|  |TAMS 0x0000000086100000, 0x0000000086100000| Untracked 
|  98|0x0000000086200000, 0x0000000086200000, 0x0000000086300000|  0%| F|  |TAMS 0x0000000086200000, 0x0000000086200000| Untracked 
|  99|0x0000000086300000, 0x0000000086300000, 0x0000000086400000|  0%| F|  |TAMS 0x0000000086300000, 0x0000000086300000| Untracked 
| 100|0x0000000086400000, 0x0000000086400000, 0x0000000086500000|  0%| F|  |TAMS 0x0000000086400000, 0x0000000086400000| Untracked 
| 101|0x0000000086500000, 0x0000000086580d38, 0x0000000086600000| 50%| E|  |TAMS 0x0000000086500000, 0x0000000086500000| Complete 
| 102|0x0000000086600000, 0x0000000086700000, 0x0000000086700000|100%| E|CS|TAMS 0x0000000086600000, 0x0000000086600000| Complete 
| 103|0x0000000086700000, 0x0000000086800000, 0x0000000086800000|100%| E|CS|TAMS 0x0000000086700000, 0x0000000086700000| Complete 
| 104|0x0000000086800000, 0x0000000086900000, 0x0000000086900000|100%| E|CS|TAMS 0x0000000086800000, 0x0000000086800000| Complete 
| 105|0x0000000086900000, 0x0000000086a00000, 0x0000000086a00000|100%| E|CS|TAMS 0x0000000086900000, 0x0000000086900000| Complete 
| 106|0x0000000086a00000, 0x0000000086b00000, 0x0000000086b00000|100%| E|CS|TAMS 0x0000000086a00000, 0x0000000086a00000| Complete 
| 107|0x0000000086b00000, 0x0000000086c00000, 0x0000000086c00000|100%| E|CS|TAMS 0x0000000086b00000, 0x0000000086b00000| Complete 
| 108|0x0000000086c00000, 0x0000000086d00000, 0x0000000086d00000|100%| E|CS|TAMS 0x0000000086c00000, 0x0000000086c00000| Complete 
| 109|0x0000000086d00000, 0x0000000086e00000, 0x0000000086e00000|100%| E|CS|TAMS 0x0000000086d00000, 0x0000000086d00000| Complete 
| 110|0x0000000086e00000, 0x0000000086f00000, 0x0000000086f00000|100%| E|CS|TAMS 0x0000000086e00000, 0x0000000086e00000| Complete 
| 111|0x0000000086f00000, 0x0000000087000000, 0x0000000087000000|100%| E|CS|TAMS 0x0000000086f00000, 0x0000000086f00000| Complete 
| 112|0x0000000087000000, 0x0000000087100000, 0x0000000087100000|100%| E|CS|TAMS 0x0000000087000000, 0x0000000087000000| Complete 
| 113|0x0000000087100000, 0x0000000087200000, 0x0000000087200000|100%| E|CS|TAMS 0x0000000087100000, 0x0000000087100000| Complete 
| 114|0x0000000087200000, 0x0000000087300000, 0x0000000087300000|100%| E|CS|TAMS 0x0000000087200000, 0x0000000087200000| Complete 
| 115|0x0000000087300000, 0x0000000087400000, 0x0000000087400000|100%| E|CS|TAMS 0x0000000087300000, 0x0000000087300000| Complete 
| 116|0x0000000087400000, 0x0000000087500000, 0x0000000087500000|100%| E|CS|TAMS 0x0000000087400000, 0x0000000087400000| Complete 
| 117|0x0000000087500000, 0x0000000087600000, 0x0000000087600000|100%| E|CS|TAMS 0x0000000087500000, 0x0000000087500000| Complete 
| 118|0x0000000087600000, 0x0000000087700000, 0x0000000087700000|100%| E|CS|TAMS 0x0000000087600000, 0x0000000087600000| Complete 
| 119|0x0000000087700000, 0x0000000087800000, 0x0000000087800000|100%| E|CS|TAMS 0x0000000087700000, 0x0000000087700000| Complete 
| 120|0x0000000087800000, 0x0000000087900000, 0x0000000087900000|100%| E|CS|TAMS 0x0000000087800000, 0x0000000087800000| Complete 
| 121|0x0000000087900000, 0x0000000087a00000, 0x0000000087a00000|100%| E|CS|TAMS 0x0000000087900000, 0x0000000087900000| Complete 
| 122|0x0000000087a00000, 0x0000000087b00000, 0x0000000087b00000|100%| E|CS|TAMS 0x0000000087a00000, 0x0000000087a00000| Complete 
| 123|0x0000000087b00000, 0x0000000087c00000, 0x0000000087c00000|100%| E|CS|TAMS 0x0000000087b00000, 0x0000000087b00000| Complete 
| 124|0x0000000087c00000, 0x0000000087d00000, 0x0000000087d00000|100%| E|CS|TAMS 0x0000000087c00000, 0x0000000087c00000| Complete 
| 125|0x0000000087d00000, 0x0000000087e00000, 0x0000000087e00000|100%| E|CS|TAMS 0x0000000087d00000, 0x0000000087d00000| Complete 
| 126|0x0000000087e00000, 0x0000000087f00000, 0x0000000087f00000|100%| E|CS|TAMS 0x0000000087e00000, 0x0000000087e00000| Complete 
| 127|0x0000000087f00000, 0x0000000088000000, 0x0000000088000000|100%| E|CS|TAMS 0x0000000087f00000, 0x0000000087f00000| Complete 

Card table byte_map: [0x0000014ffa8d0000,0x0000014ffacd0000] _byte_map_base: 0x0000014ffa4d0000

Marking Bits (Prev, Next): (CMBitMap*) 0x0000014fe785cb70, (CMBitMap*) 0x0000014fe785cb38
 Prev Bits: [0x0000014ffd0d0000, 0x0000014fff0d0000)
 Next Bits: [0x0000014ffb0d0000, 0x0000014ffd0d0000)

Polling page: 0x0000014fe5800000

Metaspace:

Usage:
  Non-class:     59.44 MB capacity,    58.45 MB ( 98%) used,   858.58 KB (  1%) free+waste,   150.69 KB ( <1%) overhead. 
      Class:      9.24 MB capacity,     8.72 MB ( 94%) used,   465.86 KB (  5%) free+waste,    70.50 KB ( <1%) overhead. 
       Both:     68.68 MB capacity,    67.17 MB ( 98%) used,     1.29 MB (  2%) free+waste,   221.19 KB ( <1%) overhead. 

Virtual space:
  Non-class space:       60.00 MB reserved,      59.54 MB (>99%) committed 
      Class space:        1.00 GB reserved,       9.25 MB ( <1%) committed 
             Both:        1.06 GB reserved,      68.79 MB (  6%) committed 

Chunk freelists:
   Non-Class:  35.00 KB
       Class:  9.00 KB
        Both:  44.00 KB

MaxMetaspaceSize: 17179869184.00 GB
CompressedClassSpaceSize: 1.00 GB

CodeHeap 'non-profiled nmethods': size=120000Kb used=3466Kb max_used=3466Kb free=116533Kb
 bounds [0x0000014ff2c70000, 0x0000014ff2fe0000, 0x0000014ffa1a0000]
CodeHeap 'profiled nmethods': size=120000Kb used=12718Kb max_used=12718Kb free=107282Kb
 bounds [0x0000014feb740000, 0x0000014fec3b0000, 0x0000014ff2c70000]
CodeHeap 'non-nmethods': size=5760Kb used=2240Kb max_used=2291Kb free=3519Kb
 bounds [0x0000014feb1a0000, 0x0000014feb410000, 0x0000014feb740000]
 total_blobs=6744 nmethods=5923 adapters=732
 compilation: enabled
              stopped_count=0, restarted_count=0
 full_count=0

Compilation events (20 events):
Event: 10.597 Thread 0x0000014fffb3c800 6156       3       org.gradle.api.internal.collections.AbstractIterationOrderRetainingElementSource$RealizedElementCollectionIterator::<init> (55 bytes)
Event: 10.598 Thread 0x0000014fffb3c800 nmethod 6156 0x0000014fec387910 code [0x0000014fec387ae0, 0x0000014fec387da8]
Event: 10.599 Thread 0x0000014fffb3c800 6157       3       org.gradle.api.internal.collections.AbstractIterationOrderRetainingElementSource$RealizedElementCollectionIterator::next (46 bytes)
Event: 10.599 Thread 0x0000014fffb3c800 nmethod 6157 0x0000014fec387f10 code [0x0000014fec388100, 0x0000014fec3884c8]
Event: 10.599 Thread 0x0000014fffb3c800 6158       3       org.gradle.api.internal.collections.IterationOrderRetainingSetElementSource$1::isSatisfiedBy (9 bytes)
Event: 10.600 Thread 0x0000014fffb3c800 nmethod 6158 0x0000014fec388690 code [0x0000014fec388880, 0x0000014fec388d18]
Event: 10.600 Thread 0x0000014fffb3c800 6159       3       org.gradle.api.internal.collections.IterationOrderRetainingSetElementSource$1::isSatisfiedBy (23 bytes)
Event: 10.600 Thread 0x0000014fffb3c800 nmethod 6159 0x0000014fec388f10 code [0x0000014fec389100, 0x0000014fec389458]
Event: 10.600 Thread 0x0000014fffb3c800 6160       3       org.gradle.api.internal.collections.AbstractIterationOrderRetainingElementSource$Element::isDuplicate (14 bytes)
Event: 10.600 Thread 0x0000014fffb3c800 nmethod 6160 0x0000014fec389610 code [0x0000014fec389800, 0x0000014fec389c48]
Event: 10.605 Thread 0x0000014fffb3c800 6161       3       org.gradle.api.internal.project.taskfactory.DefaultTaskClassInfoStore::createTaskAction (215 bytes)
Event: 10.609 Thread 0x0000014fffb3c800 nmethod 6161 0x0000014fec389e10 code [0x0000014fec38a480, 0x0000014fec38e008]
Event: 10.609 Thread 0x0000014fffb3c800 6162       3       java.lang.Class::getEnclosingMethodInfo (20 bytes)
Event: 10.610 Thread 0x0000014fffb3c800 nmethod 6162 0x0000014fec38f290 code [0x0000014fec38f460, 0x0000014fec38f678]
Event: 10.625 Thread 0x0000014fffb3c800 6163       3       org.gradle.api.internal.provider.Collectors$TypedCollector::isProvidedBy (32 bytes)
Event: 10.625 Thread 0x0000014fffb3c800 nmethod 6163 0x0000014fec38f790 code [0x0000014fec38f960, 0x0000014fec38fdc8]
Event: 10.625 Thread 0x0000014fffb3c800 6164       3       org.gradle.api.internal.provider.Collectors$ElementFromProvider::isProvidedBy (9 bytes)
Event: 10.626 Thread 0x0000014fffb3c800 nmethod 6164 0x0000014fec38fe90 code [0x0000014fec390060, 0x0000014fec390348]
Event: 10.626 Thread 0x0000014fffb3c800 6165       3       com.google.common.collect.LinkedHashMultimap::succeedsInMultimap (11 bytes)
Event: 10.626 Thread 0x0000014fffb3c800 nmethod 6165 0x0000014fec390490 code [0x0000014fec390640, 0x0000014fec390818]

GC Heap History (20 events):
Event: 3.939 GC heap before
{Heap before GC invocations=2 (full 0):
 garbage-first heap   total 131072K, used 26831K [0x0000000080000000, 0x0000000100000000)
  region size 1024K, 22 young (22528K), 10 survivors (10240K)
 Metaspace       used 20630K, capacity 21140K, committed 21296K, reserved 1069056K
  class space    used 2527K, capacity 2682K, committed 2688K, reserved 1048576K
}
Event: 3.948 GC heap after
{Heap after GC invocations=3 (full 0):
 garbage-first heap   total 131072K, used 16664K [0x0000000080000000, 0x0000000100000000)
  region size 1024K, 1 young (1024K), 1 survivors (1024K)
 Metaspace       used 20630K, capacity 21140K, committed 21296K, reserved 1069056K
  class space    used 2527K, capacity 2682K, committed 2688K, reserved 1048576K
}
Event: 4.730 GC heap before
{Heap before GC invocations=4 (full 0):
 garbage-first heap   total 131072K, used 68888K [0x0000000080000000, 0x0000000100000000)
  region size 1024K, 52 young (53248K), 1 survivors (1024K)
 Metaspace       used 26484K, capacity 27122K, committed 27184K, reserved 1073152K
  class space    used 3467K, capacity 3700K, committed 3712K, reserved 1048576K
}
Event: 4.735 GC heap after
{Heap after GC invocations=5 (full 0):
 garbage-first heap   total 131072K, used 18275K [0x0000000080000000, 0x0000000100000000)
  region size 1024K, 3 young (3072K), 3 survivors (3072K)
 Metaspace       used 26484K, capacity 27122K, committed 27184K, reserved 1073152K
  class space    used 3467K, capacity 3700K, committed 3712K, reserved 1048576K
}
Event: 5.827 GC heap before
{Heap before GC invocations=5 (full 0):
 garbage-first heap   total 131072K, used 63331K [0x0000000080000000, 0x0000000100000000)
  region size 1024K, 49 young (50176K), 3 survivors (3072K)
 Metaspace       used 34960K, capacity 35674K, committed 35708K, reserved 1081344K
  class space    used 4544K, capacity 4851K, committed 4864K, reserved 1048576K
}
Event: 5.835 GC heap after
{Heap after GC invocations=6 (full 0):
 garbage-first heap   total 131072K, used 21359K [0x0000000080000000, 0x0000000100000000)
  region size 1024K, 6 young (6144K), 6 survivors (6144K)
 Metaspace       used 34960K, capacity 35674K, committed 35708K, reserved 1081344K
  class space    used 4544K, capacity 4851K, committed 4864K, reserved 1048576K
}
Event: 6.517 GC heap before
{Heap before GC invocations=7 (full 0):
 garbage-first heap   total 131072K, used 83823K [0x0000000080000000, 0x0000000100000000)
  region size 1024K, 64 young (65536K), 6 survivors (6144K)
 Metaspace       used 40776K, capacity 41683K, committed 41724K, reserved 1085440K
  class space    used 5206K, capacity 5503K, committed 5504K, reserved 1048576K
}
Event: 6.527 GC heap after
{Heap after GC invocations=8 (full 0):
 garbage-first heap   total 131072K, used 25037K [0x0000000080000000, 0x0000000100000000)
  region size 1024K, 7 young (7168K), 7 survivors (7168K)
 Metaspace       used 40776K, capacity 41683K, committed 41724K, reserved 1085440K
  class space    used 5206K, capacity 5503K, committed 5504K, reserved 1048576K
}
Event: 7.293 GC heap before
{Heap before GC invocations=8 (full 0):
 garbage-first heap   total 131072K, used 86477K [0x0000000080000000, 0x0000000100000000)
  region size 1024K, 67 young (68608K), 7 survivors (7168K)
 Metaspace       used 44391K, capacity 45390K, committed 45692K, reserved 1089536K
  class space    used 5683K, capacity 6061K, committed 6144K, reserved 1048576K
}
Event: 7.301 GC heap after
{Heap after GC invocations=9 (full 0):
 garbage-first heap   total 131072K, used 29122K [0x0000000080000000, 0x0000000100000000)
  region size 1024K, 8 young (8192K), 8 survivors (8192K)
 Metaspace       used 44391K, capacity 45390K, committed 45692K, reserved 1089536K
  class space    used 5683K, capacity 6061K, committed 6144K, reserved 1048576K
}
Event: 8.156 GC heap before
{Heap before GC invocations=9 (full 0):
 garbage-first heap   total 131072K, used 96706K [0x0000000080000000, 0x0000000100000000)
  region size 1024K, 68 young (69632K), 8 survivors (8192K)
 Metaspace       used 49631K, capacity 50850K, committed 50940K, reserved 1093632K
  class space    used 6307K, capacity 6711K, committed 6784K, reserved 1048576K
}
Event: 8.167 GC heap after
{Heap after GC invocations=10 (full 0):
 garbage-first heap   total 131072K, used 43406K [0x0000000080000000, 0x0000000100000000)
  region size 1024K, 9 young (9216K), 9 survivors (9216K)
 Metaspace       used 49631K, capacity 50850K, committed 50940K, reserved 1093632K
  class space    used 6307K, capacity 6711K, committed 6784K, reserved 1048576K
}
Event: 8.876 GC heap before
{Heap before GC invocations=10 (full 0):
 garbage-first heap   total 131072K, used 93582K [0x0000000080000000, 0x0000000100000000)
  region size 1024K, 59 young (60416K), 9 survivors (9216K)
 Metaspace       used 56452K, capacity 57842K, committed 57980K, reserved 1099776K
  class space    used 7170K, capacity 7651K, committed 7680K, reserved 1048576K
}
Event: 8.885 GC heap after
{Heap after GC invocations=11 (full 0):
 garbage-first heap   total 131072K, used 47702K [0x0000000080000000, 0x0000000100000000)
  region size 1024K, 4 young (4096K), 4 survivors (4096K)
 Metaspace       used 56452K, capacity 57842K, committed 57980K, reserved 1099776K
  class space    used 7170K, capacity 7651K, committed 7680K, reserved 1048576K
}
Event: 9.117 GC heap before
{Heap before GC invocations=11 (full 0):
 garbage-first heap   total 131072K, used 65110K [0x0000000080000000, 0x0000000100000000)
  region size 1024K, 22 young (22528K), 4 survivors (4096K)
 Metaspace       used 58396K, capacity 59803K, committed 59940K, reserved 1101824K
  class space    used 7400K, capacity 7891K, committed 7936K, reserved 1048576K
}
Event: 9.124 GC heap after
{Heap after GC invocations=12 (full 0):
 garbage-first heap   total 131072K, used 48804K [0x0000000080000000, 0x0000000100000000)
  region size 1024K, 5 young (5120K), 5 survivors (5120K)
 Metaspace       used 58396K, capacity 59803K, committed 59940K, reserved 1101824K
  class space    used 7400K, capacity 7891K, committed 7936K, reserved 1048576K
}
Event: 9.669 GC heap before
{Heap before GC invocations=13 (full 0):
 garbage-first heap   total 131072K, used 94884K [0x0000000080000000, 0x0000000100000000)
  region size 1024K, 50 young (51200K), 5 survivors (5120K)
 Metaspace       used 61486K, capacity 62998K, committed 63140K, reserved 1103872K
  class space    used 7782K, capacity 8288K, committed 8320K, reserved 1048576K
}
Event: 9.677 GC heap after
{Heap after GC invocations=14 (full 0):
 garbage-first heap   total 131072K, used 52344K [0x0000000080000000, 0x0000000100000000)
  region size 1024K, 5 young (5120K), 5 survivors (5120K)
 Metaspace       used 61486K, capacity 62998K, committed 63140K, reserved 1103872K
  class space    used 7782K, capacity 8288K, committed 8320K, reserved 1048576K
}
Event: 10.332 GC heap before
{Heap before GC invocations=14 (full 0):
 garbage-first heap   total 131072K, used 97400K [0x0000000080000000, 0x0000000100000000)
  region size 1024K, 49 young (50176K), 5 survivors (5120K)
 Metaspace       used 66349K, capacity 67794K, committed 68004K, reserved 1107968K
  class space    used 8575K, capacity 9073K, committed 9088K, reserved 1048576K
}
Event: 10.341 GC heap after
{Heap after GC invocations=15 (full 0):
 garbage-first heap   total 131072K, used 55652K [0x0000000080000000, 0x0000000100000000)
  region size 1024K, 7 young (7168K), 7 survivors (7168K)
 Metaspace       used 66349K, capacity 67794K, committed 68004K, reserved 1107968K
  class space    used 8575K, capacity 9073K, committed 9088K, reserved 1048576K
}

Deoptimization events (20 events):
Event: 9.350 Thread 0x0000014f8475b000 Uncommon trap: trap_request=0xffffff4d fr.pc=0x0000014ff2ea0ca4 relative=0x0000000000005964
Event: 9.350 Thread 0x0000014f8475b000 Uncommon trap: reason=unstable_if action=reinterpret pc=0x0000014ff2ea0ca4 method=groovy.lang.MetaClassImpl$1MOPIter.methodNameAction(Ljava/lang/Class;Lorg/codehaus/groovy/runtime/metaclass/MetaMethodIndex$Entry;)V @ 182 c2
Event: 9.350 Thread 0x0000014f8475b000 DEOPT PACKING pc=0x0000014ff2ea0ca4 sp=0x00000003c8ff81b0
Event: 9.350 Thread 0x0000014f8475b000 DEOPT UNPACKING pc=0x0000014feb1c74af sp=0x00000003c8ff81b8 mode 2
Event: 9.430 Thread 0x0000014f8475b000 Uncommon trap: trap_request=0xffffff4d fr.pc=0x0000014ff2dc4864 relative=0x0000000000004ba4
Event: 9.430 Thread 0x0000014f8475b000 Uncommon trap: reason=unstable_if action=reinterpret pc=0x0000014ff2dc4864 method=sun.net.www.protocol.jar.Handler.parseURL(Ljava/net/URL;Ljava/lang/String;II)V @ 116 c2
Event: 9.430 Thread 0x0000014f8475b000 DEOPT PACKING pc=0x0000014ff2dc4864 sp=0x00000003c8ff9790
Event: 9.430 Thread 0x0000014f8475b000 DEOPT UNPACKING pc=0x0000014feb1c74af sp=0x00000003c8ff9688 mode 2
Event: 9.531 Thread 0x0000014f8475b000 Uncommon trap: trap_request=0xffffff4d fr.pc=0x0000014ff2ecc91c relative=0x0000000000001a9c
Event: 9.531 Thread 0x0000014f8475b000 Uncommon trap: reason=unstable_if action=reinterpret pc=0x0000014ff2ecc91c method=java.util.concurrent.ConcurrentHashMap.putVal(Ljava/lang/Object;Ljava/lang/Object;Z)Ljava/lang/Object; @ 245 c2
Event: 9.531 Thread 0x0000014f8475b000 DEOPT PACKING pc=0x0000014ff2ecc91c sp=0x00000003c8ff8a20
Event: 9.531 Thread 0x0000014f8475b000 DEOPT UNPACKING pc=0x0000014feb1c74af sp=0x00000003c8ff89b8 mode 2
Event: 10.289 Thread 0x0000014f8475b000 Uncommon trap: trap_request=0xfffffff4 fr.pc=0x0000014ff2fb4288 relative=0x0000000000000068
Event: 10.289 Thread 0x0000014f8475b000 Uncommon trap: reason=null_check action=make_not_entrant pc=0x0000014ff2fb4288 method=java.lang.Class.isAnnotation()Z @ 1 c2
Event: 10.289 Thread 0x0000014f8475b000 DEOPT PACKING pc=0x0000014ff2fb4288 sp=0x00000003c8ff91b0
Event: 10.289 Thread 0x0000014f8475b000 DEOPT UNPACKING pc=0x0000014feb1c74af sp=0x00000003c8ff9140 mode 2
Event: 10.346 Thread 0x0000014f8475b000 Uncommon trap: trap_request=0xffffffdc fr.pc=0x0000014ff2fb806c relative=0x00000000000002ac
Event: 10.346 Thread 0x0000014f8475b000 Uncommon trap: reason=class_check action=make_not_entrant pc=0x0000014ff2fb806c method=java.util.ArrayList.toArray([Ljava/lang/Object;)[Ljava/lang/Object; @ 21 c2
Event: 10.346 Thread 0x0000014f8475b000 DEOPT PACKING pc=0x0000014ff2fb806c sp=0x00000003c8ff9470
Event: 10.346 Thread 0x0000014f8475b000 DEOPT UNPACKING pc=0x0000014feb1c74af sp=0x00000003c8ff9440 mode 2

Classes redefined (0 events):
No events

Internal exceptions (20 events):
Event: 9.720 Thread 0x0000014f8475b000 Exception <a 'java/lang/ClassNotFoundException'{0x0000000087a6ede8}: com/android/build/gradle/internal/CompileOptionsCustomizer> (0x0000000087a6ede8) thrown at [./src/hotspot/share/classfile/systemDictionary.cpp, line 231]
Event: 9.720 Thread 0x0000014f8475b000 Exception <a 'java/lang/ClassNotFoundException'{0x0000000087a92a38}: com/android/build/gradle/internal/CompileOptions_DecoratedCustomizer> (0x0000000087a92a38) thrown at [./src/hotspot/share/classfile/systemDictionary.cpp, line 231]
Event: 9.739 Thread 0x0000014f8475b000 Exception <a 'java/lang/ClassNotFoundException'{0x00000000879e14b8}: org/jetbrains/kotlin/gradle/dsl/KotlinJvmOptionsImplBeanInfo> (0x00000000879e14b8) thrown at [./src/hotspot/share/classfile/systemDictionary.cpp, line 231]
Event: 9.739 Thread 0x0000014f8475b000 Exception <a 'java/lang/ClassNotFoundException'{0x00000000879f8ca8}: org/jetbrains/kotlin/gradle/dsl/KotlinJvmOptionsBaseBeanInfo> (0x00000000879f8ca8) thrown at [./src/hotspot/share/classfile/systemDictionary.cpp, line 231]
Event: 9.740 Thread 0x0000014f8475b000 Exception <a 'java/lang/ClassNotFoundException'{0x0000000087810ba0}: org/jetbrains/kotlin/gradle/dsl/KotlinJvmOptionsBaseCustomizer> (0x0000000087810ba0) thrown at [./src/hotspot/share/classfile/systemDictionary.cpp, line 231]
Event: 9.741 Thread 0x0000014f8475b000 Exception <a 'java/lang/ClassNotFoundException'{0x000000008783f8d0}: org/jetbrains/kotlin/gradle/dsl/KotlinJvmOptionsImplCustomizer> (0x000000008783f8d0) thrown at [./src/hotspot/share/classfile/systemDictionary.cpp, line 231]
Event: 9.746 Thread 0x0000014f8475b000 Exception <a 'java/lang/ClassNotFoundException'{0x000000008789c550}: com/android/build/gradle/internal/dsl/DataBindingOptions_DecoratedBeanInfo> (0x000000008789c550) thrown at [./src/hotspot/share/classfile/systemDictionary.cpp, line 231]
Event: 9.746 Thread 0x0000014f8475b000 Exception <a 'java/lang/ClassNotFoundException'{0x00000000878b4030}: com/android/build/gradle/internal/dsl/DataBindingOptionsBeanInfo> (0x00000000878b4030) thrown at [./src/hotspot/share/classfile/systemDictionary.cpp, line 231]
Event: 9.747 Thread 0x0000014f8475b000 Exception <a 'java/lang/ClassNotFoundException'{0x00000000878cc290}: com/android/build/gradle/internal/dsl/DataBindingOptionsCustomizer> (0x00000000878cc290) thrown at [./src/hotspot/share/classfile/systemDictionary.cpp, line 231]
Event: 9.748 Thread 0x0000014f8475b000 Exception <a 'java/lang/ClassNotFoundException'{0x00000000878ed728}: com/android/build/gradle/internal/dsl/DataBindingOptions_DecoratedCustomizer> (0x00000000878ed728) thrown at [./src/hotspot/share/classfile/systemDictionary.cpp, line 231]
Event: 10.408 Thread 0x0000014f8475b000 Exception <a 'java/lang/ClassNotFoundException'{0x0000000087a70388}: com/android/build/gradle/internal/api/ApkVariantOutputImpl_DecoratedBeanInfo> (0x0000000087a70388) thrown at [./src/hotspot/share/classfile/systemDictionary.cpp, line 231]
Event: 10.408 Thread 0x0000014f8475b000 Exception <a 'java/lang/ClassNotFoundException'{0x0000000087a86b78}: com/android/build/gradle/internal/api/ApkVariantOutputImplBeanInfo> (0x0000000087a86b78) thrown at [./src/hotspot/share/classfile/systemDictionary.cpp, line 231]
Event: 10.409 Thread 0x0000014f8475b000 Exception <a 'java/lang/ClassNotFoundException'{0x0000000087a9d718}: com/android/build/gradle/internal/api/BaseVariantOutputImplBeanInfo> (0x0000000087a9d718) thrown at [./src/hotspot/share/classfile/systemDictionary.cpp, line 231]
Event: 10.409 Thread 0x0000014f8475b000 Exception <a 'java/lang/ClassNotFoundException'{0x0000000087ab42e0}: com/android/build/gradle/internal/api/BaseVariantOutputImplCustomizer> (0x0000000087ab42e0) thrown at [./src/hotspot/share/classfile/systemDictionary.cpp, line 231]
Event: 10.410 Thread 0x0000014f8475b000 Exception <a 'java/lang/ClassNotFoundException'{0x0000000087add580}: com/android/build/gradle/internal/api/ApkVariantOutputImplCustomizer> (0x0000000087add580) thrown at [./src/hotspot/share/classfile/systemDictionary.cpp, line 231]
Event: 10.410 Thread 0x0000014f8475b000 Exception <a 'java/lang/ClassNotFoundException'{0x0000000087902d88}: com/android/build/gradle/internal/api/ApkVariantOutputImpl_DecoratedCustomizer> (0x0000000087902d88) thrown at [./src/hotspot/share/classfile/systemDictionary.cpp, line 231]
Event: 10.429 Thread 0x0000014f8475b000 Exception <a 'java/lang/ClassNotFoundException'{0x0000000087864670}: com/android/build/gradle/internal/api/ReadOnlyBuildTypeBeanInfo> (0x0000000087864670) thrown at [./src/hotspot/share/classfile/systemDictionary.cpp, line 231]
Event: 10.429 Thread 0x0000014f8475b000 Exception <a 'java/lang/ClassNotFoundException'{0x000000008787a3e8}: com/android/build/gradle/internal/api/ReadOnlyBaseConfigBeanInfo> (0x000000008787a3e8) thrown at [./src/hotspot/share/classfile/systemDictionary.cpp, line 231]
Event: 10.429 Thread 0x0000014f8475b000 Exception <a 'java/lang/ClassNotFoundException'{0x0000000087890b00}: com/android/build/gradle/internal/api/ReadOnlyBaseConfigCustomizer> (0x0000000087890b00) thrown at [./src/hotspot/share/classfile/systemDictionary.cpp, line 231]
Event: 10.430 Thread 0x0000014f8475b000 Exception <a 'java/lang/ClassNotFoundException'{0x00000000878b7028}: com/android/build/gradle/internal/api/ReadOnlyBuildTypeCustomizer> (0x00000000878b7028) thrown at [./src/hotspot/share/classfile/systemDictionary.cpp, line 231]

Events (20 events):
Event: 10.621 loading class org/gradle/api/internal/tasks/DefaultTaskOutputFilePropertyRegistration
Event: 10.621 loading class org/gradle/api/internal/tasks/DefaultTaskOutputFilePropertyRegistration done
Event: 10.622 loading class org/gradle/api/internal/tasks/TaskOutputFilePropertyRegistration
Event: 10.622 loading class org/gradle/api/internal/tasks/TaskOutputFilePropertyRegistration done
Event: 10.622 loading class org/gradle/api/internal/tasks/TaskPropertyRegistration
Event: 10.622 loading class org/gradle/api/internal/tasks/TaskPropertyRegistration done
Event: 10.623 loading class org/gradle/api/internal/tasks/AbstractTaskFilePropertyRegistration
Event: 10.623 loading class org/gradle/api/internal/tasks/AbstractTaskFilePropertyRegistration done
Event: 10.623 loading class org/gradle/api/internal/tasks/properties/OutputFilePropertyType
Event: 10.623 loading class org/gradle/api/internal/tasks/properties/OutputFilePropertyType done
Event: 10.624 loading class org/gradle/internal/file/TreeType
Event: 10.624 loading class org/gradle/internal/file/TreeType done
Event: 10.624 loading class org/gradle/api/tasks/TaskOutputFilePropertyBuilder
Event: 10.624 loading class org/gradle/api/tasks/TaskOutputFilePropertyBuilder done
Event: 10.624 loading class org/gradle/api/internal/tasks/TaskPropertyUtils
Event: 10.624 loading class org/gradle/api/internal/tasks/TaskPropertyUtils done
Event: 10.627 loading class org/jetbrains/kotlin/gradle/internal/CompilerArgumentsContributor
Event: 10.627 loading class org/jetbrains/kotlin/gradle/internal/CompilerArgumentsContributor done
Event: 10.627 loading class org/jetbrains/kotlin/gradle/tasks/FilteringSourceRootsContainer
Event: 10.627 loading class org/jetbrains/kotlin/gradle/tasks/FilteringSourceRootsContainer done


Dynamic libraries:
0x00007ff6ca890000 - 0x00007ff6ca89a000 	C:\Program Files\Android\Android Studio1\jre\bin\java.exe
0x00007ffcbbc50000 - 0x00007ffcbbe45000 	C:\WINDOWS\SYSTEM32\ntdll.dll
0x00007ffcbb400000 - 0x00007ffcbb4bd000 	C:\WINDOWS\System32\KERNEL32.DLL
0x00007ffcb9740000 - 0x00007ffcb9a08000 	C:\WINDOWS\System32\KERNELBASE.dll
0x00007ffcb95c0000 - 0x00007ffcb96c0000 	C:\WINDOWS\System32\ucrtbase.dll
0x00007ffca27a0000 - 0x00007ffca27b7000 	C:\Program Files\Android\Android Studio1\jre\bin\VCRUNTIME140.dll
0x00007ffca2830000 - 0x00007ffca2849000 	C:\Program Files\Android\Android Studio1\jre\bin\jli.dll
0x00007ffcbb4c0000 - 0x00007ffcbb660000 	C:\WINDOWS\System32\USER32.dll
0x00007ffcb9c80000 - 0x00007ffcb9ca2000 	C:\WINDOWS\System32\win32u.dll
0x00007ffcbab00000 - 0x00007ffcbab2a000 	C:\WINDOWS\System32\GDI32.dll
0x00007ffcb9a10000 - 0x00007ffcb9b1b000 	C:\WINDOWS\System32\gdi32full.dll
0x00007ffcb9520000 - 0x00007ffcb95bd000 	C:\WINDOWS\System32\msvcp_win.dll
0x00007ffca43f0000 - 0x00007ffca468a000 	C:\WINDOWS\WinSxS\amd64_microsoft.windows.common-controls_6595b64144ccf1df_6.0.19041.844_none_ca00b6081b84eb1d\COMCTL32.dll
0x00007ffcbb660000 - 0x00007ffcbb6fe000 	C:\WINDOWS\System32\msvcrt.dll
0x00007ffcbac40000 - 0x00007ffcbac70000 	C:\WINDOWS\System32\IMM32.DLL
0x00007ffc8cce0000 - 0x00007ffc8cd7d000 	C:\Program Files\Android\Android Studio1\jre\bin\msvcp140.dll
0x00007ffc8a9e0000 - 0x00007ffc8b49c000 	C:\Program Files\Android\Android Studio1\jre\bin\server\jvm.dll
0x00007ffcbaa50000 - 0x00007ffcbaafc000 	C:\WINDOWS\System32\ADVAPI32.dll
0x00007ffcbaba0000 - 0x00007ffcbac3b000 	C:\WINDOWS\System32\sechost.dll
0x00007ffcbb710000 - 0x00007ffcbb83b000 	C:\WINDOWS\System32\RPCRT4.dll
0x00007ffcbad20000 - 0x00007ffcbad28000 	C:\WINDOWS\System32\PSAPI.DLL
0x00007ffcb33c0000 - 0x00007ffcb33c9000 	C:\WINDOWS\SYSTEM32\WSOCK32.dll
0x00007ffca7e20000 - 0x00007ffca7e47000 	C:\WINDOWS\SYSTEM32\WINMM.dll
0x00007ffcb21f0000 - 0x00007ffcb21fa000 	C:\WINDOWS\SYSTEM32\VERSION.dll
0x00007ffcbab30000 - 0x00007ffcbab9b000 	C:\WINDOWS\System32\WS2_32.dll
0x00007ffcb7c20000 - 0x00007ffcb7c32000 	C:\WINDOWS\SYSTEM32\kernel.appcore.dll
0x00007ffcb33a0000 - 0x00007ffcb33b1000 	C:\Program Files\Android\Android Studio1\jre\bin\verify.dll
0x00007ffcae6c0000 - 0x00007ffcae8a4000 	C:\WINDOWS\SYSTEM32\DBGHELP.DLL
0x00007ffca1cc0000 - 0x00007ffca1cec000 	C:\WINDOWS\SYSTEM32\dbgcore.DLL
0x00007ffcb96c0000 - 0x00007ffcb9740000 	C:\WINDOWS\System32\bcryptPrimitives.dll
0x00007ffcb0ce0000 - 0x00007ffcb0d09000 	C:\Program Files\Android\Android Studio1\jre\bin\java.dll
0x00007ffcb3330000 - 0x00007ffcb333b000 	C:\Program Files\Android\Android Studio1\jre\bin\jimage.dll
0x00007ffcb1920000 - 0x00007ffcb1938000 	C:\Program Files\Android\Android Studio1\jre\bin\zip.dll
0x00007ffcba080000 - 0x00007ffcba7c2000 	C:\WINDOWS\System32\SHELL32.dll
0x00007ffcb7470000 - 0x00007ffcb7c00000 	C:\WINDOWS\SYSTEM32\windows.storage.dll
0x00007ffcb9cb0000 - 0x00007ffcba005000 	C:\WINDOWS\System32\combase.dll
0x00007ffcb8de0000 - 0x00007ffcb8e0c000 	C:\WINDOWS\SYSTEM32\Wldp.dll
0x00007ffcbbb00000 - 0x00007ffcbbbae000 	C:\WINDOWS\System32\SHCORE.dll
0x00007ffcba7d0000 - 0x00007ffcba825000 	C:\WINDOWS\System32\shlwapi.dll
0x00007ffcb92d0000 - 0x00007ffcb92ef000 	C:\WINDOWS\SYSTEM32\profapi.dll
0x00007ffcada70000 - 0x00007ffcada8a000 	C:\Program Files\Android\Android Studio1\jre\bin\net.dll
0x00007ffca6580000 - 0x00007ffca668b000 	C:\WINDOWS\SYSTEM32\WINHTTP.dll
0x00007ffcb8b20000 - 0x00007ffcb8b8a000 	C:\WINDOWS\system32\mswsock.dll
0x00007ffcad9a0000 - 0x00007ffcad9b4000 	C:\Program Files\Android\Android Studio1\jre\bin\nio.dll
0x00007ffca48f0000 - 0x00007ffca4917000 	C:\Users\PS42\.gradle\native\fdc75f09e3144964f2cf3f50f0aa648679c211496f362492102eb8c894070792\windows-amd64\native-platform.dll
0x00007ffc8e640000 - 0x00007ffc8e7d6000 	C:\Users\PS42\.gradle\native\12488b8bf47d2d4c9fbf2f6322a914ad602e24e48041cd04a747c6da556b65c4\windows-amd64\native-platform-file-events.dll
0x00007ffcb3300000 - 0x00007ffcb330a000 	C:\Program Files\Android\Android Studio1\jre\bin\management.dll
0x00007ffcb3270000 - 0x00007ffcb327c000 	C:\Program Files\Android\Android Studio1\jre\bin\management_ext.dll
0x00007ffcb8cc0000 - 0x00007ffcb8cd8000 	C:\WINDOWS\SYSTEM32\CRYPTSP.dll
0x00007ffcb8400000 - 0x00007ffcb8434000 	C:\WINDOWS\system32\rsaenh.dll
0x00007ffcb94f0000 - 0x00007ffcb9517000 	C:\WINDOWS\System32\bcrypt.dll
0x00007ffcb9250000 - 0x00007ffcb927e000 	C:\WINDOWS\SYSTEM32\USERENV.dll
0x00007ffcb8ce0000 - 0x00007ffcb8cec000 	C:\WINDOWS\SYSTEM32\CRYPTBASE.dll
0x00007ffcb87d0000 - 0x00007ffcb880b000 	C:\WINDOWS\SYSTEM32\IPHLPAPI.DLL
0x00007ffcba010000 - 0x00007ffcba018000 	C:\WINDOWS\System32\NSI.dll
0x00007ffcb03e0000 - 0x00007ffcb03f7000 	C:\WINDOWS\SYSTEM32\dhcpcsvc6.DLL
0x00007ffcb0640000 - 0x00007ffcb065d000 	C:\WINDOWS\SYSTEM32\dhcpcsvc.DLL
0x00007ffcb8810000 - 0x00007ffcb88dc000 	C:\WINDOWS\SYSTEM32\DNSAPI.dll
0x00007ffcb1010000 - 0x00007ffcb101b000 	C:\WINDOWS\SYSTEM32\WINNSI.DLL

dbghelp: loaded successfully - version: 4.0.5 - missing functions: none
symbol engine: initialized successfully - sym options: 0x614 - pdb path: .;C:\Program Files\Android\Android Studio1\jre\bin;C:\WINDOWS\SYSTEM32;C:\WINDOWS\WinSxS\amd64_microsoft.windows.common-controls_6595b64144ccf1df_6.0.19041.844_none_ca00b6081b84eb1d;C:\Program Files\Android\Android Studio1\jre\bin\server;C:\Users\PS42\.gradle\native\fdc75f09e3144964f2cf3f50f0aa648679c211496f362492102eb8c894070792\windows-amd64;C:\Users\PS42\.gradle\native\12488b8bf47d2d4c9fbf2f6322a914ad602e24e48041cd04a747c6da556b65c4\windows-amd64

VM Arguments:
jvm_args: --add-opens=java.base/java.util=ALL-UNNAMED --add-opens=java.base/java.lang=ALL-UNNAMED --add-opens=java.base/java.lang.invoke=ALL-UNNAMED --add-opens=java.prefs/java.util.prefs=ALL-UNNAMED -Xmx2048m -Dfile.encoding=UTF-8 -Duser.country=KR -Duser.language=ko -Duser.variant 
java_command: org.gradle.launcher.daemon.bootstrap.GradleDaemon 6.7.1
java_class_path (initial): C:\Users\PS42\.gradle\wrapper\dists\gradle-6.7.1-bin\bwlcbys1h7rz3272sye1xwiv6\gradle-6.7.1\lib\gradle-launcher-6.7.1.jar
Launcher Type: SUN_STANDARD

[Global flags]
     intx CICompilerCount                          = 4                                         {product} {ergonomic}
     uint ConcGCThreads                            = 2                                         {product} {ergonomic}
     uint G1ConcRefinementThreads                  = 8                                         {product} {ergonomic}
   size_t G1HeapRegionSize                         = 1048576                                   {product} {ergonomic}
    uintx GCDrainStackTargetSize                   = 64                                        {product} {ergonomic}
   size_t InitialHeapSize                          = 134217728                                 {product} {ergonomic}
   size_t MarkStackSize                            = 4194304                                   {product} {ergonomic}
   size_t MaxHeapSize                              = 2147483648                                {product} {command line}
   size_t MaxNewSize                               = 1287651328                                {product} {ergonomic}
   size_t MinHeapDeltaBytes                        = 1048576                                   {product} {ergonomic}
    uintx NonNMethodCodeHeapSize                   = 5836300                                {pd product} {ergonomic}
    uintx NonProfiledCodeHeapSize                  = 122910970                              {pd product} {ergonomic}
    uintx ProfiledCodeHeapSize                     = 122910970                              {pd product} {ergonomic}
    uintx ReservedCodeCacheSize                    = 251658240                              {pd product} {ergonomic}
     bool SegmentedCodeCache                       = true                                      {product} {ergonomic}
     bool UseCompressedClassPointers               = true                                 {lp64_product} {ergonomic}
     bool UseCompressedOops                        = true                                 {lp64_product} {ergonomic}
     bool UseG1GC                                  = true                                      {product} {ergonomic}
     bool UseLargePagesIndividualAllocation        = false                                  {pd product} {ergonomic}

Logging:
Log output configuration:
 #0: stdout all=warning uptime,level,tags
 #1: stderr all=off uptime,level,tags

Environment Variables:
JAVA_HOME=C:\Program Files\Android\Android Studio1\jre
CLASSPATH=.;C:\Program Files\Java\jdk-14\lib\tools.jar
PATH=C:\Program files\MySQL\MySQL Server 8.0\bin;C:\Program Files (x86)\Intel\Intel(R) Management Engine Components\iCLS\;C:\Program Files\Intel\Intel(R) Management Engine Components\iCLS\;C:\Windows\system32;C:\Windows;C:\Windows\System32\Wbem;C:\Windows\System32\WindowsPowerShell\v1.0\;C:\Windows\System32\OpenSSH\;C:\Program Files (x86)\Intel\Intel(R) Management Engine Components\DAL;C:\Program Files\Intel\Intel(R) Management Engine Components\DAL;C:\Program Files (x86)\NVIDIA Corporation\PhysX\Common;C:\WINDOWS\system32;C:\WINDOWS;C:\WINDOWS\System32\Wbem;C:\WINDOWS\System32\WindowsPowerShell\v1.0\;C:\WINDOWS\System32\OpenSSH\;C:\Program Files\dotnet\;C:\Program Files\Java\jdk-14\bin;C:\Program Files\Microsoft SQL Server\130\Tools\Binn\;C:\Program Files\Microsoft SQL Server\Client SDK\ODBC\170\Tools\Binn\;C:\Program Files\Git\cmd;C:\Program Files\MySQL\MySQL Shell 8.0\bin\;C:\Program Files\MySQL\MySQL Shell 8.0\bin;C:\Users\PS42\AppData\Local\Programs\Python\Python38\Scripts\;C:\Users\PS42\AppData\Local\Programs\Python\Python38\;C:\Users\PS42\AppData\Local\Microsoft\WindowsApps;C:\Users\PS42\AppData\Local\Microsoft\WindowsApps;C:\Users\PS42\AppData\Local\GitHubDesktop\bin
USERNAME=PS42
OS=Windows_NT
PROCESSOR_IDENTIFIER=Intel64 Family 6 Model 142 Stepping 10, GenuineIntel



---------------  S Y S T E M  ---------------

OS: Windows 10 , 64 bit Build 19041 (10.0.19041.928)
OS uptime: 3 days 3:08 hours
HyperV virtualization detected

CPU:total 8 (initial active 8) (4 cores per cpu, 2 threads per core) family 6 model 142 stepping 10, cmov, cx8, fxsr, mmx, sse, sse2, sse3, ssse3, sse4.1, sse4.2, popcnt, avx, avx2, aes, clmul, erms, 3dnowpref, lzcnt, ht, tsc, tscinvbit, bmi1, bmi2, adx, fma

Memory: 4k page, system-wide physical 8070M (419M free)
TotalPageFile size 32646M (AvailPageFile size 5M)
current process WorkingSet (physical memory assigned to process): 332M, peak: 333M
current process commit charge ("private bytes"): 374M, peak: 375M

vm_info: OpenJDK 64-Bit Server VM (11.0.8+10-b944.6842174) for windows-amd64 JRE (11.0.8+10-b944.6842174), built on Sep 19 2020 01:11:42 by "builder" with MS VC++ 14.0 (VS2015)

END.
